# JRE version: OpenJDK Runtime Environment (16.0.2+7) (build 16.0.2+7-67)
# Java VM: OpenJDK 64-Bit Server VM (16.0.2+7-67, mixed mode, sharing, tiered, compressed oops, compressed class ptrs, g1 gc, windows-amd64)
GC Precious Log:
 CPUs: 8 total, 8 available
 Memory: 16343M
 Large Page Support: Disabled
 NUMA Support: Disabled
 Compressed Oops: Enabled (32-bit)
 Heap Region Size: 1M
 Heap Min Capacity: 256M
 Heap Initial Capacity: 256M
 Heap Max Capacity: 512M
 Pre-touch: Disabled
 Parallel Workers: 8
 Concurrent Workers: 2
 Concurrent Refinement Workers: 8
 Periodic GC: Disabled
Heap:
 garbage-first heap   total 262144K, used 115281K [0x00000000e0000000, 0x0000000100000000)
  region size 1024K, 46 young (47104K), 18 survivors (18432K)
 Metaspace       used 67923K, committed 68480K, reserved 278528K
  class space    used 8811K, committed 9088K, reserved 212992K
GC Heap History (20 events):
Event: 0.603 GC heap before
{Heap before GC invocations=1 (full 0):
 garbage-first heap   total 262144K, used 38813K [0x00000000e0000000, 0x0000000100000000)
  region size 1024K, 32 young (32768K), 3 survivors (3072K)
 Metaspace       used 4031K, committed 4224K, reserved 221184K
  class space    used 473K, committed 576K, reserved 212992K
}
Event: 0.606 GC heap after
{Heap after GC invocations=2 (full 0):
 garbage-first heap   total 262144K, used 12415K [0x00000000e0000000, 0x0000000100000000)
  region size 1024K, 2 young (2048K), 2 survivors (2048K)
 Metaspace       used 4031K, committed 4224K, reserved 221184K
  class space    used 473K, committed 576K, reserved 212992K
}
Event: 2.287 GC heap before
{Heap before GC invocations=2 (full 0):
 garbage-first heap   total 262144K, used 120959K [0x00000000e0000000, 0x0000000100000000)
  region size 1024K, 110 young (112640K), 2 survivors (2048K)
 Metaspace       used 20956K, committed 21248K, reserved 237568K
  class space    used 3105K, committed 3264K, reserved 212992K
}
Event: 2.294 GC heap after
{Heap after GC invocations=3 (full 0):
 garbage-first heap   total 262144K, used 20893K [0x00000000e0000000, 0x0000000100000000)
  region size 1024K, 12 young (12288K), 12 survivors (12288K)
 Metaspace       used 20956K, committed 21248K, reserved 237568K
  class space    used 3105K, committed 3264K, reserved 212992K
}
Event: 3.699 GC heap before
{Heap before GC invocations=4 (full 0):
 garbage-first heap   total 262144K, used 123293K [0x00000000e0000000, 0x0000000100000000)
  region size 1024K, 110 young (112640K), 12 survivors (12288K)
 Metaspace       used 35200K, committed 35520K, reserved 245760K
  class space    used 4777K, committed 4928K, reserved 212992K
}
Event: 3.712 GC heap after
{Heap after GC invocations=5 (full 0):
 garbage-first heap   total 262144K, used 29336K [0x00000000e0000000, 0x0000000100000000)
  region size 1024K, 18 young (18432K), 18 survivors (18432K)
 Metaspace       used 35200K, committed 35520K, reserved 245760K
  class space    used 4777K, committed 4928K, reserved 212992K
}
Event: 6.034 GC heap before
{Heap before GC invocations=6 (full 0):
 garbage-first heap   total 262144K, used 166552K [0x00000000e0000000, 0x0000000100000000)
  region size 1024K, 153 young (156672K), 18 survivors (18432K)
 Metaspace       used 46294K, committed 46784K, reserved 253952K
  class space    used 6355K, committed 6592K, reserved 212992K
}
Event: 6.049 GC heap after
{Heap after GC invocations=7 (full 0):
 garbage-first heap   total 262144K, used 40346K [0x00000000e0000000, 0x0000000100000000)
  region size 1024K, 20 young (20480K), 20 survivors (20480K)
 Metaspace       used 46294K, committed 46784K, reserved 253952K
  class space    used 6355K, committed 6592K, reserved 212992K
}
Event: 7.383 GC heap before
{Heap before GC invocations=7 (full 0):
 garbage-first heap   total 262144K, used 175514K [0x00000000e0000000, 0x0000000100000000)
  region size 1024K, 153 young (156672K), 20 survivors (20480K)
 Metaspace       used 49803K, committed 50304K, reserved 262144K
  class space    used 6803K, committed 7040K, reserved 212992K
}
Event: 7.400 GC heap after
{Heap after GC invocations=8 (full 0):
 garbage-first heap   total 262144K, used 52491K [0x00000000e0000000, 0x0000000100000000)
  region size 1024K, 13 young (13312K), 13 survivors (13312K)
 Metaspace       used 49803K, committed 50304K, reserved 262144K
  class space    used 6803K, committed 7040K, reserved 212992K
}
Event: 8.619 GC heap before
{Heap before GC invocations=8 (full 0):
 garbage-first heap   total 262144K, used 196875K [0x00000000e0000000, 0x0000000100000000)
  region size 1024K, 153 young (156672K), 13 survivors (13312K)
 Metaspace       used 56976K, committed 57536K, reserved 270336K
  class space    used 7664K, committed 7936K, reserved 212992K
}
Event: 8.631 GC heap after
{Heap after GC invocations=9 (full 0):
 garbage-first heap   total 262144K, used 64804K [0x00000000e0000000, 0x0000000100000000)
  region size 1024K, 12 young (12288K), 12 survivors (12288K)
 Metaspace       used 56976K, committed 57536K, reserved 270336K
  class space    used 7664K, committed 7936K, reserved 212992K
}
Event: 9.406 GC heap before
{Heap before GC invocations=9 (full 0):
 garbage-first heap   total 262144K, used 87332K [0x00000000e0000000, 0x0000000100000000)
  region size 1024K, 36 young (36864K), 12 survivors (12288K)
 Metaspace       used 58791K, committed 59328K, reserved 270336K
  class space    used 7909K, committed 8192K, reserved 212992K
}
Event: 9.412 GC heap after
{Heap after GC invocations=10 (full 0):
 garbage-first heap   total 262144K, used 63077K [0x00000000e0000000, 0x0000000100000000)
  region size 1024K, 2 young (2048K), 2 survivors (2048K)
 Metaspace       used 58791K, committed 59328K, reserved 270336K
  class space    used 7909K, committed 8192K, reserved 212992K
}
Event: 3212.088 GC heap before
{Heap before GC invocations=11 (full 0):
 garbage-first heap   total 262144K, used 202341K [0x00000000e0000000, 0x0000000100000000)
  region size 1024K, 139 young (142336K), 2 survivors (2048K)
 Metaspace       used 60567K, committed 61120K, reserved 270336K
  class space    used 8008K, committed 8320K, reserved 212992K
}
Event: 3212.095 GC heap after
{Heap after GC invocations=12 (full 0):
 garbage-first heap   total 262144K, used 67733K [0x00000000e0000000, 0x0000000100000000)
  region size 1024K, 7 young (7168K), 7 survivors (7168K)
 Metaspace       used 60567K, committed 61120K, reserved 270336K
  class space    used 8008K, committed 8320K, reserved 212992K
}
Event: 3212.724 GC heap before
{Heap before GC invocations=13 (full 0):
 garbage-first heap   total 262144K, used 206997K [0x00000000e0000000, 0x0000000100000000)
  region size 1024K, 142 young (145408K), 7 survivors (7168K)
 Metaspace       used 60742K, committed 61376K, reserved 270336K
  class space    used 7974K, committed 8320K, reserved 212992K
}
Event: 3212.731 GC heap after
{Heap after GC invocations=14 (full 0):
 garbage-first heap   total 262144K, used 74481K [0x00000000e0000000, 0x0000000100000000)
  region size 1024K, 13 young (13312K), 13 survivors (13312K)
 Metaspace       used 60742K, committed 61376K, reserved 270336K
  class space    used 7974K, committed 8320K, reserved 212992K
}
Event: 3214.081 GC heap before
{Heap before GC invocations=14 (full 0):
 garbage-first heap   total 262144K, used 207601K [0x00000000e0000000, 0x0000000100000000)
  region size 1024K, 143 young (146432K), 13 survivors (13312K)
 Metaspace       used 67062K, committed 67584K, reserved 278528K
  class space    used 8757K, committed 9024K, reserved 212992K
}
Event: 3214.095 GC heap after
{Heap after GC invocations=15 (full 0):
 garbage-first heap   total 262144K, used 87633K [0x00000000e0000000, 0x0000000100000000)
  region size 1024K, 18 young (18432K), 18 survivors (18432K)
 Metaspace       used 67062K, committed 67584K, reserved 278528K
  class space    used 8757K, committed 9024K, reserved 212992K
}

