# JRE version: OpenJDK Runtime Environment (16.0.2+7) (build 16.0.2+7-67)
# Java VM: OpenJDK 64-Bit Server VM (16.0.2+7-67, mixed mode, sharing, tiered, compressed oops, compressed class ptrs, g1 gc, windows-amd64)
GC Precious Log:
 CPUs: 8 total, 8 available
 Memory: 16343M
 Large Page Support: Disabled
 NUMA Support: Disabled
 Compressed Oops: Enabled (32-bit)
 Heap Region Size: 1M
 Heap Min Capacity: 256M
 Heap Initial Capacity: 256M
 Heap Max Capacity: 512M
 Pre-touch: Disabled
 Parallel Workers: 8
 Concurrent Workers: 2
 Concurrent Refinement Workers: 8
 Periodic GC: Disabled
Heap:
 garbage-first heap   total 281600K, used 243979K [0x00000000e0000000, 0x0000000100000000)
  region size 1024K, 87 young (89088K), 4 survivors (4096K)
 Metaspace       used 100191K, committed 101312K, reserved 303104K
  class space    used 12736K, committed 13248K, reserved 212992K
GC Heap History (20 events):
Event: 4846.255 GC heap before
{Heap before GC invocations=52 (full 0):
 garbage-first heap   total 281600K, used 236271K [0x00000000e0000000, 0x0000000100000000)
  region size 1024K, 99 young (101376K), 6 survivors (6144K)
 Metaspace       used 94375K, committed 95424K, reserved 303104K
  class space    used 12041K, committed 12544K, reserved 212992K
}
Event: 4846.260 GC heap after
{Heap after GC invocations=53 (full 0):
 garbage-first heap   total 281600K, used 146314K [0x00000000e0000000, 0x0000000100000000)
  region size 1024K, 11 young (11264K), 11 survivors (11264K)
 Metaspace       used 94375K, committed 95424K, reserved 303104K
  class space    used 12041K, committed 12544K, reserved 212992K
}
Event: 4846.577 GC heap before
{Heap before GC invocations=53 (full 0):
 garbage-first heap   total 281600K, used 233354K [0x00000000e0000000, 0x0000000100000000)
  region size 1024K, 97 young (99328K), 11 survivors (11264K)
 Metaspace       used 95788K, committed 96832K, reserved 303104K
  class space    used 12236K, committed 12736K, reserved 212992K
}
Event: 4846.586 GC heap after
{Heap after GC invocations=54 (full 0):
 garbage-first heap   total 281600K, used 156072K [0x00000000e0000000, 0x0000000100000000)
  region size 1024K, 13 young (13312K), 13 survivors (13312K)
 Metaspace       used 95788K, committed 96832K, reserved 303104K
  class space    used 12236K, committed 12736K, reserved 212992K
}
Event: 4847.215 GC heap before
{Heap before GC invocations=54 (full 0):
 garbage-first heap   total 281600K, used 230824K [0x00000000e0000000, 0x0000000100000000)
  region size 1024K, 86 young (88064K), 13 survivors (13312K)
 Metaspace       used 99656K, committed 100800K, reserved 303104K
  class space    used 12717K, committed 13248K, reserved 212992K
}
Event: 4847.221 GC heap after
{Heap after GC invocations=55 (full 0):
 garbage-first heap   total 281600K, used 159368K [0x00000000e0000000, 0x0000000100000000)
  region size 1024K, 3 young (3072K), 3 survivors (3072K)
 Metaspace       used 99656K, committed 100800K, reserved 303104K
  class space    used 12717K, committed 13248K, reserved 212992K
}
Event: 4848.048 GC heap before
{Heap before GC invocations=55 (full 0):
 garbage-first heap   total 281600K, used 234120K [0x00000000e0000000, 0x0000000100000000)
  region size 1024K, 76 young (77824K), 3 survivors (3072K)
 Metaspace       used 99966K, committed 101056K, reserved 303104K
  class space    used 12729K, committed 13248K, reserved 212992K
}
Event: 4848.052 GC heap after
{Heap after GC invocations=56 (full 0):
 garbage-first heap   total 281600K, used 161031K [0x00000000e0000000, 0x0000000100000000)
  region size 1024K, 4 young (4096K), 4 survivors (4096K)
 Metaspace       used 99966K, committed 101056K, reserved 303104K
  class space    used 12729K, committed 13248K, reserved 212992K
}
Event: 4848.092 GC heap before
{Heap before GC invocations=56 (full 0):
 garbage-first heap   total 281600K, used 237831K [0x00000000e0000000, 0x0000000100000000)
  region size 1024K, 78 young (79872K), 4 survivors (4096K)
 Metaspace       used 99982K, committed 101056K, reserved 303104K
  class space    used 12730K, committed 13248K, reserved 212992K
}
Event: 4848.095 GC heap after
{Heap after GC invocations=57 (full 0):
 garbage-first heap   total 281600K, used 160910K [0x00000000e0000000, 0x0000000100000000)
  region size 1024K, 4 young (4096K), 4 survivors (4096K)
 Metaspace       used 99982K, committed 101056K, reserved 303104K
  class space    used 12730K, committed 13248K, reserved 212992K
}
Event: 4848.331 GC heap before
{Heap before GC invocations=57 (full 0):
 garbage-first heap   total 281600K, used 240782K [0x00000000e0000000, 0x0000000100000000)
  region size 1024K, 81 young (82944K), 4 survivors (4096K)
 Metaspace       used 100037K, committed 101120K, reserved 303104K
  class space    used 12730K, committed 13248K, reserved 212992K
}
Event: 4848.334 GC heap after
{Heap after GC invocations=58 (full 0):
 garbage-first heap   total 281600K, used 160958K [0x00000000e0000000, 0x0000000100000000)
  region size 1024K, 4 young (4096K), 4 survivors (4096K)
 Metaspace       used 100037K, committed 101120K, reserved 303104K
  class space    used 12730K, committed 13248K, reserved 212992K
}
Event: 4848.363 GC heap before
{Heap before GC invocations=58 (full 0):
 garbage-first heap   total 281600K, used 241854K [0x00000000e0000000, 0x0000000100000000)
  region size 1024K, 83 young (84992K), 4 survivors (4096K)
 Metaspace       used 100037K, committed 101120K, reserved 303104K
  class space    used 12730K, committed 13248K, reserved 212992K
}
Event: 4848.366 GC heap after
{Heap after GC invocations=59 (full 0):
 garbage-first heap   total 281600K, used 160010K [0x00000000e0000000, 0x0000000100000000)
  region size 1024K, 4 young (4096K), 4 survivors (4096K)
 Metaspace       used 100037K, committed 101120K, reserved 303104K
  class space    used 12730K, committed 13248K, reserved 212992K
}
Event: 4848.498 GC heap before
{Heap before GC invocations=59 (full 0):
 garbage-first heap   total 281600K, used 245002K [0x00000000e0000000, 0x0000000100000000)
  region size 1024K, 86 young (88064K), 4 survivors (4096K)
 Metaspace       used 100042K, committed 101120K, reserved 303104K
  class space    used 12730K, committed 13248K, reserved 212992K
}
Event: 4848.502 GC heap after
{Heap after GC invocations=60 (full 0):
 garbage-first heap   total 281600K, used 159762K [0x00000000e0000000, 0x0000000100000000)
  region size 1024K, 4 young (4096K), 4 survivors (4096K)
 Metaspace       used 100042K, committed 101120K, reserved 303104K
  class space    used 12730K, committed 13248K, reserved 212992K
}
Event: 4848.543 GC heap before
{Heap before GC invocations=60 (full 0):
 garbage-first heap   total 281600K, used 245778K [0x00000000e0000000, 0x0000000100000000)
  region size 1024K, 87 young (89088K), 4 survivors (4096K)
 Metaspace       used 100042K, committed 101120K, reserved 303104K
  class space    used 12730K, committed 13248K, reserved 212992K
}
Event: 4848.546 GC heap after
{Heap after GC invocations=61 (full 0):
 garbage-first heap   total 281600K, used 161095K [0x00000000e0000000, 0x0000000100000000)
  region size 1024K, 4 young (4096K), 4 survivors (4096K)
 Metaspace       used 100042K, committed 101120K, reserved 303104K
  class space    used 12730K, committed 13248K, reserved 212992K
}
Event: 4850.847 GC heap before
{Heap before GC invocations=61 (full 0):
 garbage-first heap   total 281600K, used 247111K [0x00000000e0000000, 0x0000000100000000)
  region size 1024K, 87 young (89088K), 4 survivors (4096K)
 Metaspace       used 100055K, committed 101120K, reserved 303104K
  class space    used 12730K, committed 13248K, reserved 212992K
}
Event: 4850.850 GC heap after
{Heap after GC invocations=62 (full 0):
 garbage-first heap   total 281600K, used 161035K [0x00000000e0000000, 0x0000000100000000)
  region size 1024K, 4 young (4096K), 4 survivors (4096K)
 Metaspace       used 100055K, committed 101120K, reserved 303104K
  class space    used 12730K, committed 13248K, reserved 212992K
}

