# JRE version: OpenJDK Runtime Environment (16.0.2+7) (build 16.0.2+7-67)
# Java VM: OpenJDK 64-Bit Server VM (16.0.2+7-67, mixed mode, sharing, tiered, compressed oops, compressed class ptrs, g1 gc, windows-amd64)
GC Precious Log:
 CPUs: 8 total, 8 available
 Memory: 16343M
 Large Page Support: Disabled
 NUMA Support: Disabled
 Compressed Oops: Enabled (32-bit)
 Heap Region Size: 1M
 Heap Min Capacity: 256M
 Heap Initial Capacity: 256M
 Heap Max Capacity: 512M
 Pre-touch: Disabled
 Parallel Workers: 8
 Concurrent Workers: 2
 Concurrent Refinement Workers: 8
 Periodic GC: Disabled
Heap:
 garbage-first heap   total 262144K, used 186079K [0x00000000e0000000, 0x0000000100000000)
  region size 1024K, 124 young (126976K), 9 survivors (9216K)
 Metaspace       used 60276K, committed 60864K, reserved 270336K
  class space    used 7892K, committed 8192K, reserved 212992K
GC Heap History (20 events):
Event: 0.391 GC heap before
{Heap before GC invocations=0 (full 0):
 garbage-first heap   total 262144K, used 28672K [0x00000000e0000000, 0x0000000100000000)
  region size 1024K, 23 young (23552K), 0 survivors (0K)
 Metaspace       used 3104K, committed 3264K, reserved 221184K
  class space    used 378K, committed 448K, reserved 212992K
}
Event: 0.394 GC heap after
{Heap after GC invocations=1 (full 0):
 garbage-first heap   total 262144K, used 8854K [0x00000000e0000000, 0x0000000100000000)
  region size 1024K, 3 young (3072K), 3 survivors (3072K)
 Metaspace       used 3104K, committed 3264K, reserved 221184K
  class space    used 378K, committed 448K, reserved 212992K
}
Event: 0.523 GC heap before
{Heap before GC invocations=1 (full 0):
 garbage-first heap   total 262144K, used 38550K [0x00000000e0000000, 0x0000000100000000)
  region size 1024K, 32 young (32768K), 3 survivors (3072K)
 Metaspace       used 4009K, committed 4224K, reserved 221184K
  class space    used 473K, committed 576K, reserved 212992K
}
Event: 0.525 GC heap after
{Heap after GC invocations=2 (full 0):
 garbage-first heap   total 262144K, used 11988K [0x00000000e0000000, 0x0000000100000000)
  region size 1024K, 2 young (2048K), 2 survivors (2048K)
 Metaspace       used 4009K, committed 4224K, reserved 221184K
  class space    used 473K, committed 576K, reserved 212992K
}
Event: 2.081 GC heap before
{Heap before GC invocations=2 (full 0):
 garbage-first heap   total 262144K, used 121556K [0x00000000e0000000, 0x0000000100000000)
  region size 1024K, 110 young (112640K), 2 survivors (2048K)
 Metaspace       used 20936K, committed 21248K, reserved 237568K
  class space    used 3104K, committed 3264K, reserved 212992K
}
Event: 2.089 GC heap after
{Heap after GC invocations=3 (full 0):
 garbage-first heap   total 262144K, used 20602K [0x00000000e0000000, 0x0000000100000000)
  region size 1024K, 12 young (12288K), 12 survivors (12288K)
 Metaspace       used 20936K, committed 21248K, reserved 237568K
  class space    used 3104K, committed 3264K, reserved 212992K
}
Event: 3.962 GC heap before
{Heap before GC invocations=4 (full 0):
 garbage-first heap   total 262144K, used 123002K [0x00000000e0000000, 0x0000000100000000)
  region size 1024K, 110 young (112640K), 12 survivors (12288K)
 Metaspace       used 35200K, committed 35520K, reserved 245760K
  class space    used 4770K, committed 4928K, reserved 212992K
}
Event: 3.973 GC heap after
{Heap after GC invocations=5 (full 0):
 garbage-first heap   total 262144K, used 29012K [0x00000000e0000000, 0x0000000100000000)
  region size 1024K, 18 young (18432K), 18 survivors (18432K)
 Metaspace       used 35200K, committed 35520K, reserved 245760K
  class space    used 4770K, committed 4928K, reserved 212992K
}
Event: 5.919 GC heap before
{Heap before GC invocations=6 (full 0):
 garbage-first heap   total 262144K, used 167252K [0x00000000e0000000, 0x0000000100000000)
  region size 1024K, 153 young (156672K), 18 survivors (18432K)
 Metaspace       used 46314K, committed 46784K, reserved 253952K
  class space    used 6360K, committed 6592K, reserved 212992K
}
Event: 5.940 GC heap after
{Heap after GC invocations=7 (full 0):
 garbage-first heap   total 262144K, used 40170K [0x00000000e0000000, 0x0000000100000000)
  region size 1024K, 20 young (20480K), 20 survivors (20480K)
 Metaspace       used 46314K, committed 46784K, reserved 253952K
  class space    used 6360K, committed 6592K, reserved 212992K
}
Event: 7.645 GC heap before
{Heap before GC invocations=7 (full 0):
 garbage-first heap   total 262144K, used 178410K [0x00000000e0000000, 0x0000000100000000)
  region size 1024K, 153 young (156672K), 20 survivors (20480K)
 Metaspace       used 54142K, committed 54656K, reserved 262144K
  class space    used 7316K, committed 7552K, reserved 212992K
}
Event: 7.660 GC heap after
{Heap after GC invocations=8 (full 0):
 garbage-first heap   total 262144K, used 51629K [0x00000000e0000000, 0x0000000100000000)
  region size 1024K, 11 young (11264K), 11 survivors (11264K)
 Metaspace       used 54142K, committed 54656K, reserved 262144K
  class space    used 7316K, committed 7552K, reserved 212992K
}
Event: 63.931 GC heap before
{Heap before GC invocations=8 (full 0):
 garbage-first heap   total 262144K, used 196013K [0x00000000e0000000, 0x0000000100000000)
  region size 1024K, 153 young (156672K), 11 survivors (11264K)
 Metaspace       used 56809K, committed 57408K, reserved 270336K
  class space    used 7623K, committed 7936K, reserved 212992K
}
Event: 63.937 GC heap after
{Heap after GC invocations=9 (full 0):
 garbage-first heap   total 262144K, used 52224K [0x00000000e0000000, 0x0000000100000000)
  region size 1024K, 12 young (12288K), 12 survivors (12288K)
 Metaspace       used 56809K, committed 57408K, reserved 270336K
  class space    used 7623K, committed 7936K, reserved 212992K
}
Event: 64.690 GC heap before
{Heap before GC invocations=9 (full 0):
 garbage-first heap   total 262144K, used 198656K [0x00000000e0000000, 0x0000000100000000)
  region size 1024K, 153 young (156672K), 12 survivors (12288K)
 Metaspace       used 57300K, committed 57920K, reserved 270336K
  class space    used 7625K, committed 7936K, reserved 212992K
}
Event: 64.697 GC heap after
{Heap after GC invocations=10 (full 0):
 garbage-first heap   total 262144K, used 57774K [0x00000000e0000000, 0x0000000100000000)
  region size 1024K, 14 young (14336K), 14 survivors (14336K)
 Metaspace       used 57300K, committed 57920K, reserved 270336K
  class space    used 7625K, committed 7936K, reserved 212992K
}
Event: 65.723 GC heap before
{Heap before GC invocations=10 (full 0):
 garbage-first heap   total 262144K, used 161198K [0x00000000e0000000, 0x0000000100000000)
  region size 1024K, 117 young (119808K), 14 survivors (14336K)
 Metaspace       used 58918K, committed 59456K, reserved 270336K
  class space    used 7799K, committed 8064K, reserved 212992K
}
Event: 65.733 GC heap after
{Heap after GC invocations=11 (full 0):
 garbage-first heap   total 262144K, used 62711K [0x00000000e0000000, 0x0000000100000000)
  region size 1024K, 14 young (14336K), 14 survivors (14336K)
 Metaspace       used 58918K, committed 59456K, reserved 270336K
  class space    used 7799K, committed 8064K, reserved 212992K
}
Event: 108.549 GC heap before
{Heap before GC invocations=12 (full 0):
 garbage-first heap   total 262144K, used 199927K [0x00000000e0000000, 0x0000000100000000)
  region size 1024K, 148 young (151552K), 14 survivors (14336K)
 Metaspace       used 60140K, committed 60736K, reserved 270336K
  class space    used 7885K, committed 8192K, reserved 212992K
}
Event: 108.559 GC heap after
{Heap after GC invocations=13 (full 0):
 garbage-first heap   total 262144K, used 68319K [0x00000000e0000000, 0x0000000100000000)
  region size 1024K, 9 young (9216K), 9 survivors (9216K)
 Metaspace       used 60140K, committed 60736K, reserved 270336K
  class space    used 7885K, committed 8192K, reserved 212992K
}

