# JRE version: OpenJDK Runtime Environment (16.0.2+7) (build 16.0.2+7-67)
# Java VM: OpenJDK 64-Bit Server VM (16.0.2+7-67, mixed mode, sharing, tiered, compressed oops, compressed class ptrs, g1 gc, windows-amd64)
GC Precious Log:
 CPUs: 8 total, 8 available
 Memory: 16343M
 Large Page Support: Disabled
 NUMA Support: Disabled
 Compressed Oops: Enabled (32-bit)
 Heap Region Size: 1M
 Heap Min Capacity: 256M
 Heap Initial Capacity: 256M
 Heap Max Capacity: 512M
 Pre-touch: Disabled
 Parallel Workers: 8
 Concurrent Workers: 2
 Concurrent Refinement Workers: 8
 Periodic GC: Disabled
Heap:
 garbage-first heap   total 301056K, used 202052K [0x00000000e0000000, 0x0000000100000000)
  region size 1024K, 78 young (79872K), 13 survivors (13312K)
 Metaspace       used 84261K, committed 85056K, reserved 294912K
  class space    used 10889K, committed 11264K, reserved 212992K
GC Heap History (20 events):
Event: 1446.614 GC heap before
{Heap before GC invocations=11 (full 0):
 garbage-first heap   total 262144K, used 205631K [0x00000000e0000000, 0x0000000100000000)
  region size 1024K, 132 young (135168K), 16 survivors (16384K)
 Metaspace       used 68574K, committed 69248K, reserved 278528K
  class space    used 9079K, committed 9408K, reserved 212992K
}
Event: 1446.627 GC heap after
{Heap after GC invocations=12 (full 0):
 garbage-first heap   total 262144K, used 98608K [0x00000000e0000000, 0x0000000100000000)
  region size 1024K, 17 young (17408K), 17 survivors (17408K)
 Metaspace       used 68574K, committed 69248K, reserved 278528K
  class space    used 9079K, committed 9408K, reserved 212992K
}
Event: 1448.060 GC heap before
{Heap before GC invocations=12 (full 0):
 garbage-first heap   total 262144K, used 205104K [0x00000000e0000000, 0x0000000100000000)
  region size 1024K, 121 young (123904K), 17 survivors (17408K)
 Metaspace       used 69313K, committed 70080K, reserved 278528K
  class space    used 9119K, committed 9472K, reserved 212992K
}
Event: 1448.068 GC heap after
{Heap after GC invocations=13 (full 0):
 garbage-first heap   total 262144K, used 102738K [0x00000000e0000000, 0x0000000100000000)
  region size 1024K, 5 young (5120K), 5 survivors (5120K)
 Metaspace       used 69313K, committed 70080K, reserved 278528K
  class space    used 9119K, committed 9472K, reserved 212992K
}
Event: 1465.643 GC heap before
{Heap before GC invocations=13 (full 0):
 garbage-first heap   total 262144K, used 208210K [0x00000000e0000000, 0x0000000100000000)
  region size 1024K, 109 young (111616K), 5 survivors (5120K)
 Metaspace       used 73715K, committed 74496K, reserved 278528K
  class space    used 9654K, committed 10048K, reserved 212992K
}
Event: 1465.651 GC heap after
{Heap after GC invocations=14 (full 0):
 garbage-first heap   total 262144K, used 111157K [0x00000000e0000000, 0x0000000100000000)
  region size 1024K, 13 young (13312K), 13 survivors (13312K)
 Metaspace       used 73715K, committed 74496K, reserved 278528K
  class space    used 9654K, committed 10048K, reserved 212992K
}
Event: 1466.121 GC heap before
{Heap before GC invocations=14 (full 0):
 garbage-first heap   total 262144K, used 209461K [0x00000000e0000000, 0x0000000100000000)
  region size 1024K, 110 young (112640K), 13 survivors (13312K)
 Metaspace       used 74855K, committed 75648K, reserved 286720K
  class space    used 9797K, committed 10176K, reserved 212992K
}
Event: 1466.132 GC heap after
{Heap after GC invocations=15 (full 0):
 garbage-first heap   total 262144K, used 119090K [0x00000000e0000000, 0x0000000100000000)
  region size 1024K, 8 young (8192K), 8 survivors (8192K)
 Metaspace       used 74855K, committed 75648K, reserved 286720K
  class space    used 9797K, committed 10176K, reserved 212992K
}
Event: 1466.901 GC heap before
{Heap before GC invocations=15 (full 0):
 garbage-first heap   total 262144K, used 213298K [0x00000000e0000000, 0x0000000100000000)
  region size 1024K, 99 young (101376K), 8 survivors (8192K)
 Metaspace       used 81511K, committed 82368K, reserved 286720K
  class space    used 10620K, committed 11008K, reserved 212992K
}
Event: 1466.910 GC heap after
{Heap after GC invocations=16 (full 0):
 garbage-first heap   total 262144K, used 132019K [0x00000000e0000000, 0x0000000100000000)
  region size 1024K, 13 young (13312K), 13 survivors (13312K)
 Metaspace       used 81511K, committed 82368K, reserved 286720K
  class space    used 10620K, committed 11008K, reserved 212992K
}
Event: 1466.923 GC heap before
{Heap before GC invocations=16 (full 0):
 garbage-first heap   total 262144K, used 132019K [0x00000000e0000000, 0x0000000100000000)
  region size 1024K, 14 young (14336K), 13 survivors (13312K)
 Metaspace       used 81516K, committed 82368K, reserved 286720K
  class space    used 10620K, committed 11008K, reserved 212992K
}
Event: 1466.928 GC heap after
{Heap after GC invocations=17 (full 0):
 garbage-first heap   total 262144K, used 132741K [0x00000000e0000000, 0x0000000100000000)
  region size 1024K, 2 young (2048K), 2 survivors (2048K)
 Metaspace       used 81516K, committed 82368K, reserved 286720K
  class space    used 10620K, committed 11008K, reserved 212992K
}
Event: 1467.489 GC heap before
{Heap before GC invocations=18 (full 0):
 garbage-first heap   total 301056K, used 210565K [0x00000000e0000000, 0x0000000100000000)
  region size 1024K, 79 young (80896K), 2 survivors (2048K)
 Metaspace       used 82799K, committed 83456K, reserved 286720K
  class space    used 10760K, committed 11072K, reserved 212992K
}
Event: 1467.494 GC heap after
{Heap after GC invocations=19 (full 0):
 garbage-first heap   total 301056K, used 141497K [0x00000000e0000000, 0x0000000100000000)
  region size 1024K, 10 young (10240K), 10 survivors (10240K)
 Metaspace       used 82799K, committed 83456K, reserved 286720K
  class space    used 10760K, committed 11072K, reserved 212992K
}
Event: 1467.805 GC heap before
{Heap before GC invocations=19 (full 0):
 garbage-first heap   total 301056K, used 145593K [0x00000000e0000000, 0x0000000100000000)
  region size 1024K, 14 young (14336K), 10 survivors (10240K)
 Metaspace       used 83221K, committed 83968K, reserved 286720K
  class space    used 10829K, committed 11200K, reserved 212992K
}
Event: 1467.825 GC heap after
{Heap after GC invocations=20 (full 0):
 garbage-first heap   total 301056K, used 123626K [0x00000000e0000000, 0x0000000100000000)
  region size 1024K, 2 young (2048K), 2 survivors (2048K)
 Metaspace       used 83221K, committed 83968K, reserved 286720K
  class space    used 10829K, committed 11200K, reserved 212992K
}
Event: 1486.148 GC heap before
{Heap before GC invocations=20 (full 0):
 garbage-first heap   total 301056K, used 220906K [0x00000000e0000000, 0x0000000100000000)
  region size 1024K, 98 young (100352K), 2 survivors (2048K)
 Metaspace       used 83741K, committed 84480K, reserved 294912K
  class space    used 10863K, committed 11200K, reserved 212992K
}
Event: 1486.155 GC heap after
{Heap after GC invocations=21 (full 0):
 garbage-first heap   total 301056K, used 128941K [0x00000000e0000000, 0x0000000100000000)
  region size 1024K, 7 young (7168K), 7 survivors (7168K)
 Metaspace       used 83741K, committed 84480K, reserved 294912K
  class space    used 10863K, committed 11200K, reserved 212992K
}
Event: 1486.642 GC heap before
{Heap before GC invocations=21 (full 0):
 garbage-first heap   total 301056K, used 230317K [0x00000000e0000000, 0x0000000100000000)
  region size 1024K, 104 young (106496K), 7 survivors (7168K)
 Metaspace       used 83932K, committed 84672K, reserved 294912K
  class space    used 10871K, committed 11200K, reserved 212992K
}
Event: 1486.648 GC heap after
{Heap after GC invocations=22 (full 0):
 garbage-first heap   total 301056K, used 137540K [0x00000000e0000000, 0x0000000100000000)
  region size 1024K, 13 young (13312K), 13 survivors (13312K)
 Metaspace       used 83932K, committed 84672K, reserved 294912K
  class space    used 10871K, committed 11200K, reserved 212992K
}

