# JRE version: OpenJDK Runtime Environment (16.0.2+7) (build 16.0.2+7-67)
# Java VM: OpenJDK 64-Bit Server VM (16.0.2+7-67, mixed mode, sharing, tiered, compressed oops, compressed class ptrs, g1 gc, windows-amd64)
GC Precious Log:
 CPUs: 8 total, 8 available
 Memory: 16343M
 Large Page Support: Disabled
 NUMA Support: Disabled
 Compressed Oops: Enabled (32-bit)
 Heap Region Size: 1M
 Heap Min Capacity: 256M
 Heap Initial Capacity: 256M
 Heap Max Capacity: 512M
 Pre-touch: Disabled
 Parallel Workers: 8
 Concurrent Workers: 2
 Concurrent Refinement Workers: 8
 Periodic GC: Disabled
Heap:
 garbage-first heap   total 309248K, used 151346K [0x00000000e0000000, 0x0000000100000000)
  region size 1024K, 62 young (63488K), 13 survivors (13312K)
 Metaspace       used 81715K, committed 84992K, reserved 294912K
  class space    used 10229K, committed 11456K, reserved 212992K
GC Heap History (20 events):
Event: 3391.010 GC heap before
{Heap before GC invocations=57 (full 0):
 garbage-first heap   total 296960K, used 187435K [0x00000000e0000000, 0x0000000100000000)
  region size 1024K, 55 young (56320K), 8 survivors (8192K)
 Metaspace       used 86936K, committed 88064K, reserved 294912K
  class space    used 11039K, committed 11520K, reserved 212992K
}
Event: 3391.014 GC heap after
{Heap after GC invocations=58 (full 0):
 garbage-first heap   total 296960K, used 142463K [0x00000000e0000000, 0x0000000100000000)
  region size 1024K, 10 young (10240K), 10 survivors (10240K)
 Metaspace       used 86936K, committed 88064K, reserved 294912K
  class space    used 11039K, committed 11520K, reserved 212992K
}
Event: 3391.467 GC heap before
{Heap before GC invocations=58 (full 0):
 garbage-first heap   total 296960K, used 254079K [0x00000000e0000000, 0x0000000100000000)
  region size 1024K, 119 young (121856K), 10 survivors (10240K)
 Metaspace       used 88476K, committed 89600K, reserved 294912K
  class space    used 11220K, committed 11712K, reserved 212992K
}
Event: 3391.477 GC heap after
{Heap after GC invocations=59 (full 0):
 garbage-first heap   total 296960K, used 152536K [0x00000000e0000000, 0x0000000100000000)
  region size 1024K, 15 young (15360K), 15 survivors (15360K)
 Metaspace       used 88476K, committed 89600K, reserved 294912K
  class space    used 11220K, committed 11712K, reserved 212992K
}
Event: 3392.382 GC heap before
{Heap before GC invocations=59 (full 0):
 garbage-first heap   total 296960K, used 228312K [0x00000000e0000000, 0x0000000100000000)
  region size 1024K, 91 young (93184K), 15 survivors (15360K)
 Metaspace       used 88868K, committed 89984K, reserved 294912K
  class space    used 11235K, committed 11712K, reserved 212992K
}
Event: 3392.388 GC heap after
{Heap after GC invocations=60 (full 0):
 garbage-first heap   total 296960K, used 152814K [0x00000000e0000000, 0x0000000100000000)
  region size 1024K, 3 young (3072K), 3 survivors (3072K)
 Metaspace       used 88868K, committed 89984K, reserved 294912K
  class space    used 11235K, committed 11712K, reserved 212992K
}
Event: 3392.452 GC heap before
{Heap before GC invocations=60 (full 0):
 garbage-first heap   total 296960K, used 253166K [0x00000000e0000000, 0x0000000100000000)
  region size 1024K, 99 young (101376K), 3 survivors (3072K)
 Metaspace       used 88870K, committed 89984K, reserved 294912K
  class space    used 11235K, committed 11712K, reserved 212992K
}
Event: 3392.455 GC heap after
{Heap after GC invocations=61 (full 0):
 garbage-first heap   total 296960K, used 152868K [0x00000000e0000000, 0x0000000100000000)
  region size 1024K, 2 young (2048K), 2 survivors (2048K)
 Metaspace       used 88870K, committed 89984K, reserved 294912K
  class space    used 11235K, committed 11712K, reserved 212992K
}
Event: 3392.643 GC heap before
{Heap before GC invocations=62 (full 0):
 garbage-first heap   total 309248K, used 255268K [0x00000000e0000000, 0x0000000100000000)
  region size 1024K, 101 young (103424K), 2 survivors (2048K)
 Metaspace       used 80128K, committed 84992K, reserved 294912K
  class space    used 10048K, committed 11456K, reserved 212992K
}
Event: 3392.646 GC heap after
{Heap after GC invocations=63 (full 0):
 garbage-first heap   total 309248K, used 130327K [0x00000000e0000000, 0x0000000100000000)
  region size 1024K, 2 young (2048K), 2 survivors (2048K)
 Metaspace       used 80128K, committed 84992K, reserved 294912K
  class space    used 10048K, committed 11456K, reserved 212992K
}
Event: 3392.654 GC heap before
{Heap before GC invocations=63 (full 0):
 garbage-first heap   total 309248K, used 142615K [0x00000000e0000000, 0x0000000100000000)
  region size 1024K, 15 young (15360K), 2 survivors (2048K)
 Metaspace       used 80128K, committed 84992K, reserved 294912K
  class space    used 10048K, committed 11456K, reserved 212992K
}
Event: 3392.667 GC heap after
{Heap after GC invocations=64 (full 0):
 garbage-first heap   total 309248K, used 102003K [0x00000000e0000000, 0x0000000100000000)
  region size 1024K, 1 young (1024K), 1 survivors (1024K)
 Metaspace       used 80128K, committed 84992K, reserved 294912K
  class space    used 10048K, committed 11456K, reserved 212992K
}
Event: 3392.694 GC heap before
{Heap before GC invocations=64 (full 0):
 garbage-first heap   total 309248K, used 116339K [0x00000000e0000000, 0x0000000100000000)
  region size 1024K, 15 young (15360K), 1 survivors (1024K)
 Metaspace       used 80129K, committed 84992K, reserved 294912K
  class space    used 10048K, committed 11456K, reserved 212992K
}
Event: 3392.719 GC heap after
{Heap after GC invocations=65 (full 0):
 garbage-first heap   total 309248K, used 90694K [0x00000000e0000000, 0x0000000100000000)
  region size 1024K, 1 young (1024K), 1 survivors (1024K)
 Metaspace       used 80129K, committed 84992K, reserved 294912K
  class space    used 10048K, committed 11456K, reserved 212992K
}
Event: 3392.830 GC heap before
{Heap before GC invocations=65 (full 0):
 garbage-first heap   total 309248K, used 243270K [0x00000000e0000000, 0x0000000100000000)
  region size 1024K, 148 young (151552K), 1 survivors (1024K)
 Metaspace       used 80131K, committed 84992K, reserved 294912K
  class space    used 10048K, committed 11456K, reserved 212992K
}
Event: 3392.832 GC heap after
{Heap after GC invocations=66 (full 0):
 garbage-first heap   total 309248K, used 90694K [0x00000000e0000000, 0x0000000100000000)
  region size 1024K, 1 young (1024K), 1 survivors (1024K)
 Metaspace       used 80131K, committed 84992K, reserved 294912K
  class space    used 10048K, committed 11456K, reserved 212992K
}
Event: 3397.296 GC heap before
{Heap before GC invocations=66 (full 0):
 garbage-first heap   total 309248K, used 252486K [0x00000000e0000000, 0x0000000100000000)
  region size 1024K, 157 young (160768K), 1 survivors (1024K)
 Metaspace       used 80250K, committed 84992K, reserved 294912K
  class space    used 10056K, committed 11456K, reserved 212992K
}
Event: 3397.297 GC heap after
{Heap after GC invocations=67 (full 0):
 garbage-first heap   total 309248K, used 90122K [0x00000000e0000000, 0x0000000100000000)
  region size 1024K, 1 young (1024K), 1 survivors (1024K)
 Metaspace       used 80250K, committed 84992K, reserved 294912K
  class space    used 10056K, committed 11456K, reserved 212992K
}
Event: 3397.965 GC heap before
{Heap before GC invocations=67 (full 0):
 garbage-first heap   total 309248K, used 257034K [0x00000000e0000000, 0x0000000100000000)
  region size 1024K, 163 young (166912K), 1 survivors (1024K)
 Metaspace       used 81346K, committed 84992K, reserved 294912K
  class space    used 10188K, committed 11456K, reserved 212992K
}
Event: 3397.971 GC heap after
{Heap after GC invocations=68 (full 0):
 garbage-first heap   total 309248K, used 103218K [0x00000000e0000000, 0x0000000100000000)
  region size 1024K, 13 young (13312K), 13 survivors (13312K)
 Metaspace       used 81346K, committed 84992K, reserved 294912K
  class space    used 10188K, committed 11456K, reserved 212992K
}

