# JRE version: OpenJDK Runtime Environment (16.0.1+9) (build 16.0.1+9-24)
# Java VM: OpenJDK 64-Bit Server VM (16.0.1+9-24, mixed mode, sharing, tiered, compressed oops, compressed class ptrs, g1 gc, windows-amd64)
GC Precious Log:
 CPUs: 8 total, 8 available
 Memory: 16343M
 Large Page Support: Disabled
 NUMA Support: Disabled
 Compressed Oops: Enabled (32-bit)
 Heap Region Size: 1M
 Heap Min Capacity: 256M
 Heap Initial Capacity: 256M
 Heap Max Capacity: 512M
 Pre-touch: Disabled
 Parallel Workers: 8
 Concurrent Workers: 2
 Concurrent Refinement Workers: 8
 Periodic GC: Disabled
Heap:
 garbage-first heap   total 262144K, used 157847K [0x00000000e0000000, 0x0000000100000000)
  region size 1024K, 95 young (97280K), 2 survivors (2048K)
 Metaspace       used 58675K, committed 59264K, reserved 270336K
  class space    used 7756K, committed 8000K, reserved 212992K
GC Heap History (20 events):
Event: 6.190 GC heap before
{Heap before GC invocations=7 (full 0):
 garbage-first heap   total 262144K, used 186716K [0x00000000e0000000, 0x0000000100000000)
  region size 1024K, 153 young (156672K), 7 survivors (7168K)
 Metaspace       used 33133K, committed 33472K, reserved 245760K
  class space    used 4500K, committed 4672K, reserved 212992K
}
Event: 6.196 GC heap after
{Heap after GC invocations=8 (full 0):
 garbage-first heap   total 262144K, used 39926K [0x00000000e0000000, 0x0000000100000000)
  region size 1024K, 9 young (9216K), 9 survivors (9216K)
 Metaspace       used 33133K, committed 33472K, reserved 245760K
  class space    used 4500K, committed 4672K, reserved 212992K
}
Event: 6.701 GC heap before
{Heap before GC invocations=8 (full 0):
 garbage-first heap   total 262144K, used 180214K [0x00000000e0000000, 0x0000000100000000)
  region size 1024K, 147 young (150528K), 9 survivors (9216K)
 Metaspace       used 35368K, committed 35648K, reserved 245760K
  class space    used 4740K, committed 4864K, reserved 212992K
}
Event: 6.707 GC heap after
{Heap after GC invocations=9 (full 0):
 garbage-first heap   total 262144K, used 40470K [0x00000000e0000000, 0x0000000100000000)
  region size 1024K, 10 young (10240K), 10 survivors (10240K)
 Metaspace       used 35368K, committed 35648K, reserved 245760K
  class space    used 4740K, committed 4864K, reserved 212992K
}
Event: 7.460 GC heap before
{Heap before GC invocations=10 (full 0):
 garbage-first heap   total 262144K, used 186902K [0x00000000e0000000, 0x0000000100000000)
  region size 1024K, 153 young (156672K), 10 survivors (10240K)
 Metaspace       used 38213K, committed 38592K, reserved 253952K
  class space    used 5149K, committed 5312K, reserved 212992K
}
Event: 7.470 GC heap after
{Heap after GC invocations=11 (full 0):
 garbage-first heap   total 262144K, used 45639K [0x00000000e0000000, 0x0000000100000000)
  region size 1024K, 15 young (15360K), 15 survivors (15360K)
 Metaspace       used 38213K, committed 38592K, reserved 253952K
  class space    used 5149K, committed 5312K, reserved 212992K
}
Event: 7.657 GC heap before
{Heap before GC invocations=11 (full 0):
 garbage-first heap   total 262144K, used 186951K [0x00000000e0000000, 0x0000000100000000)
  region size 1024K, 153 young (156672K), 15 survivors (15360K)
 Metaspace       used 38226K, committed 38592K, reserved 253952K
  class space    used 5149K, committed 5312K, reserved 212992K
}
Event: 7.665 GC heap after
{Heap after GC invocations=12 (full 0):
 garbage-first heap   total 262144K, used 44671K [0x00000000e0000000, 0x0000000100000000)
  region size 1024K, 9 young (9216K), 9 survivors (9216K)
 Metaspace       used 38226K, committed 38592K, reserved 253952K
  class space    used 5149K, committed 5312K, reserved 212992K
}
Event: 7.867 GC heap before
{Heap before GC invocations=12 (full 0):
 garbage-first heap   total 262144K, used 192127K [0x00000000e0000000, 0x0000000100000000)
  region size 1024K, 153 young (156672K), 9 survivors (9216K)
 Metaspace       used 38290K, committed 38656K, reserved 253952K
  class space    used 5151K, committed 5312K, reserved 212992K
}
Event: 7.872 GC heap after
{Heap after GC invocations=13 (full 0):
 garbage-first heap   total 262144K, used 42722K [0x00000000e0000000, 0x0000000100000000)
  region size 1024K, 7 young (7168K), 7 survivors (7168K)
 Metaspace       used 38290K, committed 38656K, reserved 253952K
  class space    used 5151K, committed 5312K, reserved 212992K
}
Event: 10.214 GC heap before
{Heap before GC invocations=13 (full 0):
 garbage-first heap   total 262144K, used 192226K [0x00000000e0000000, 0x0000000100000000)
  region size 1024K, 153 young (156672K), 7 survivors (7168K)
 Metaspace       used 50963K, committed 51456K, reserved 262144K
  class space    used 6873K, committed 7104K, reserved 212992K
}
Event: 10.224 GC heap after
{Heap after GC invocations=14 (full 0):
 garbage-first heap   total 262144K, used 51938K [0x00000000e0000000, 0x0000000100000000)
  region size 1024K, 16 young (16384K), 16 survivors (16384K)
 Metaspace       used 50963K, committed 51456K, reserved 262144K
  class space    used 6873K, committed 7104K, reserved 212992K
}
Event: 11.816 GC heap before
{Heap before GC invocations=14 (full 0):
 garbage-first heap   total 262144K, used 192226K [0x00000000e0000000, 0x0000000100000000)
  region size 1024K, 153 young (156672K), 16 survivors (16384K)
 Metaspace       used 54702K, committed 55232K, reserved 262144K
  class space    used 7275K, committed 7552K, reserved 212992K
}
Event: 11.833 GC heap after
{Heap after GC invocations=15 (full 0):
 garbage-first heap   total 262144K, used 62144K [0x00000000e0000000, 0x0000000100000000)
  region size 1024K, 20 young (20480K), 20 survivors (20480K)
 Metaspace       used 54702K, committed 55232K, reserved 262144K
  class space    used 7275K, committed 7552K, reserved 212992K
}
Event: 12.230 GC heap before
{Heap before GC invocations=15 (full 0):
 garbage-first heap   total 262144K, used 199360K [0x00000000e0000000, 0x0000000100000000)
  region size 1024K, 153 young (156672K), 20 survivors (20480K)
 Metaspace       used 55741K, committed 56384K, reserved 270336K
  class space    used 7392K, committed 7680K, reserved 212992K
}
Event: 12.240 GC heap after
{Heap after GC invocations=16 (full 0):
 garbage-first heap   total 262144K, used 64032K [0x00000000e0000000, 0x0000000100000000)
  region size 1024K, 12 young (12288K), 12 survivors (12288K)
 Metaspace       used 55741K, committed 56384K, reserved 270336K
  class space    used 7392K, committed 7680K, reserved 212992K
}
Event: 12.368 GC heap before
{Heap before GC invocations=16 (full 0):
 garbage-first heap   total 262144K, used 211488K [0x00000000e0000000, 0x0000000100000000)
  region size 1024K, 153 young (156672K), 12 survivors (12288K)
 Metaspace       used 55817K, committed 56448K, reserved 270336K
  class space    used 7400K, committed 7680K, reserved 212992K
}
Event: 12.375 GC heap after
{Heap after GC invocations=17 (full 0):
 garbage-first heap   total 262144K, used 65831K [0x00000000e0000000, 0x0000000100000000)
  region size 1024K, 3 young (3072K), 3 survivors (3072K)
 Metaspace       used 55817K, committed 56448K, reserved 270336K
  class space    used 7400K, committed 7680K, reserved 212992K
}
Event: 12.457 GC heap before
{Heap before GC invocations=17 (full 0):
 garbage-first heap   total 262144K, used 220455K [0x00000000e0000000, 0x0000000100000000)
  region size 1024K, 152 young (155648K), 3 survivors (3072K)
 Metaspace       used 55905K, committed 56448K, reserved 270336K
  class space    used 7414K, committed 7680K, reserved 212992K
}
Event: 12.459 GC heap after
{Heap after GC invocations=18 (full 0):
 garbage-first heap   total 262144K, used 64663K [0x00000000e0000000, 0x0000000100000000)
  region size 1024K, 2 young (2048K), 2 survivors (2048K)
 Metaspace       used 55905K, committed 56448K, reserved 270336K
  class space    used 7414K, committed 7680K, reserved 212992K
}

