# JRE version: OpenJDK Runtime Environment (16.0.2+7) (build 16.0.2+7-67)
# Java VM: OpenJDK 64-Bit Server VM (16.0.2+7-67, mixed mode, sharing, tiered, compressed oops, compressed class ptrs, g1 gc, windows-amd64)
GC Precious Log:
 CPUs: 8 total, 8 available
 Memory: 16343M
 Large Page Support: Disabled
 NUMA Support: Disabled
 Compressed Oops: Enabled (32-bit)
 Heap Region Size: 1M
 Heap Min Capacity: 256M
 Heap Initial Capacity: 256M
 Heap Max Capacity: 512M
 Pre-touch: Disabled
 Parallel Workers: 8
 Concurrent Workers: 2
 Concurrent Refinement Workers: 8
 Periodic GC: Disabled
Heap:
 garbage-first heap   total 262144K, used 174576K [0x00000000e0000000, 0x0000000100000000)
  region size 1024K, 112 young (114688K), 13 survivors (13312K)
 Metaspace       used 63714K, committed 64384K, reserved 270336K
  class space    used 8316K, committed 8640K, reserved 212992K
GC Heap History (20 events):
Event: 0.524 GC heap before
{Heap before GC invocations=1 (full 0):
 garbage-first heap   total 262144K, used 39248K [0x00000000e0000000, 0x0000000100000000)
  region size 1024K, 32 young (32768K), 3 survivors (3072K)
 Metaspace       used 3992K, committed 4224K, reserved 221184K
  class space    used 473K, committed 576K, reserved 212992K
}
Event: 0.527 GC heap after
{Heap after GC invocations=2 (full 0):
 garbage-first heap   total 262144K, used 12305K [0x00000000e0000000, 0x0000000100000000)
  region size 1024K, 3 young (3072K), 3 survivors (3072K)
 Metaspace       used 3992K, committed 4224K, reserved 221184K
  class space    used 473K, committed 576K, reserved 212992K
}
Event: 2.045 GC heap before
{Heap before GC invocations=2 (full 0):
 garbage-first heap   total 262144K, used 120849K [0x00000000e0000000, 0x0000000100000000)
  region size 1024K, 111 young (113664K), 3 survivors (3072K)
 Metaspace       used 20931K, committed 21248K, reserved 237568K
  class space    used 3106K, committed 3264K, reserved 212992K
}
Event: 2.052 GC heap after
{Heap after GC invocations=3 (full 0):
 garbage-first heap   total 262144K, used 20997K [0x00000000e0000000, 0x0000000100000000)
  region size 1024K, 12 young (12288K), 12 survivors (12288K)
 Metaspace       used 20931K, committed 21248K, reserved 237568K
  class space    used 3106K, committed 3264K, reserved 212992K
}
Event: 3.315 GC heap before
{Heap before GC invocations=4 (full 0):
 garbage-first heap   total 262144K, used 122373K [0x00000000e0000000, 0x0000000100000000)
  region size 1024K, 109 young (111616K), 12 survivors (12288K)
 Metaspace       used 35167K, committed 35520K, reserved 245760K
  class space    used 4775K, committed 4928K, reserved 212992K
}
Event: 3.325 GC heap after
{Heap after GC invocations=5 (full 0):
 garbage-first heap   total 262144K, used 29219K [0x00000000e0000000, 0x0000000100000000)
  region size 1024K, 18 young (18432K), 18 survivors (18432K)
 Metaspace       used 35167K, committed 35520K, reserved 245760K
  class space    used 4775K, committed 4928K, reserved 212992K
}
Event: 5.323 GC heap before
{Heap before GC invocations=6 (full 0):
 garbage-first heap   total 262144K, used 166435K [0x00000000e0000000, 0x0000000100000000)
  region size 1024K, 153 young (156672K), 18 survivors (18432K)
 Metaspace       used 46263K, committed 46784K, reserved 253952K
  class space    used 6361K, committed 6592K, reserved 212992K
}
Event: 5.338 GC heap after
{Heap after GC invocations=7 (full 0):
 garbage-first heap   total 262144K, used 40313K [0x00000000e0000000, 0x0000000100000000)
  region size 1024K, 20 young (20480K), 20 survivors (20480K)
 Metaspace       used 46263K, committed 46784K, reserved 253952K
  class space    used 6361K, committed 6592K, reserved 212992K
}
Event: 6.946 GC heap before
{Heap before GC invocations=7 (full 0):
 garbage-first heap   total 262144K, used 176505K [0x00000000e0000000, 0x0000000100000000)
  region size 1024K, 153 young (156672K), 20 survivors (20480K)
 Metaspace       used 49714K, committed 50240K, reserved 262144K
  class space    used 6817K, committed 7040K, reserved 212992K
}
Event: 6.964 GC heap after
{Heap after GC invocations=8 (full 0):
 garbage-first heap   total 262144K, used 53808K [0x00000000e0000000, 0x0000000100000000)
  region size 1024K, 14 young (14336K), 14 survivors (14336K)
 Metaspace       used 49714K, committed 50240K, reserved 262144K
  class space    used 6817K, committed 7040K, reserved 212992K
}
Event: 8.081 GC heap before
{Heap before GC invocations=8 (full 0):
 garbage-first heap   total 262144K, used 196144K [0x00000000e0000000, 0x0000000100000000)
  region size 1024K, 153 young (156672K), 14 survivors (14336K)
 Metaspace       used 56920K, committed 57472K, reserved 270336K
  class space    used 7667K, committed 7936K, reserved 212992K
}
Event: 8.093 GC heap after
{Heap after GC invocations=9 (full 0):
 garbage-first heap   total 262144K, used 66863K [0x00000000e0000000, 0x0000000100000000)
  region size 1024K, 13 young (13312K), 13 survivors (13312K)
 Metaspace       used 56920K, committed 57472K, reserved 270336K
  class space    used 7667K, committed 7936K, reserved 212992K
}
Event: 8.718 GC heap before
{Heap before GC invocations=9 (full 0):
 garbage-first heap   total 262144K, used 94511K [0x00000000e0000000, 0x0000000100000000)
  region size 1024K, 41 young (41984K), 13 survivors (13312K)
 Metaspace       used 58993K, committed 59520K, reserved 270336K
  class space    used 7935K, committed 8192K, reserved 212992K
}
Event: 8.726 GC heap after
{Heap after GC invocations=10 (full 0):
 garbage-first heap   total 262144K, used 63834K [0x00000000e0000000, 0x0000000100000000)
  region size 1024K, 3 young (3072K), 3 survivors (3072K)
 Metaspace       used 58993K, committed 59520K, reserved 270336K
  class space    used 7935K, committed 8192K, reserved 212992K
}
Event: 4051.732 GC heap before
{Heap before GC invocations=11 (full 0):
 garbage-first heap   total 262144K, used 203098K [0x00000000e0000000, 0x0000000100000000)
  region size 1024K, 139 young (142336K), 3 survivors (3072K)
 Metaspace       used 60623K, committed 61184K, reserved 270336K
  class space    used 8088K, committed 8384K, reserved 212992K
}
Event: 4051.787 GC heap after
{Heap after GC invocations=12 (full 0):
 garbage-first heap   total 262144K, used 63666K [0x00000000e0000000, 0x0000000100000000)
  region size 1024K, 3 young (3072K), 3 survivors (3072K)
 Metaspace       used 60623K, committed 61184K, reserved 270336K
  class space    used 8088K, committed 8384K, reserved 212992K
}
Event: 7615.722 GC heap before
{Heap before GC invocations=12 (full 0):
 garbage-first heap   total 262144K, used 209074K [0x00000000e0000000, 0x0000000100000000)
  region size 1024K, 145 young (148480K), 3 survivors (3072K)
 Metaspace       used 61154K, committed 61760K, reserved 270336K
  class space    used 8095K, committed 8384K, reserved 212992K
}
Event: 7615.733 GC heap after
{Heap after GC invocations=13 (full 0):
 garbage-first heap   total 262144K, used 67117K [0x00000000e0000000, 0x0000000100000000)
  region size 1024K, 6 young (6144K), 6 survivors (6144K)
 Metaspace       used 61154K, committed 61760K, reserved 270336K
  class space    used 8095K, committed 8384K, reserved 212992K
}
Event: 7618.379 GC heap before
{Heap before GC invocations=13 (full 0):
 garbage-first heap   total 262144K, used 213549K [0x00000000e0000000, 0x0000000100000000)
  region size 1024K, 148 young (151552K), 6 survivors (6144K)
 Metaspace       used 61756K, committed 62336K, reserved 270336K
  class space    used 8109K, committed 8384K, reserved 212992K
}
Event: 7618.389 GC heap after
{Heap after GC invocations=14 (full 0):
 garbage-first heap   total 262144K, used 75248K [0x00000000e0000000, 0x0000000100000000)
  region size 1024K, 13 young (13312K), 13 survivors (13312K)
 Metaspace       used 61756K, committed 62336K, reserved 270336K
  class space    used 8109K, committed 8384K, reserved 212992K
}

