# JRE version: OpenJDK Runtime Environment (16.0.2+7) (build 16.0.2+7-67)
# Java VM: OpenJDK 64-Bit Server VM (16.0.2+7-67, mixed mode, sharing, tiered, compressed oops, compressed class ptrs, g1 gc, windows-amd64)
GC Precious Log:
 CPUs: 8 total, 8 available
 Memory: 16343M
 Large Page Support: Disabled
 NUMA Support: Disabled
 Compressed Oops: Enabled (32-bit)
 Heap Region Size: 1M
 Heap Min Capacity: 256M
 Heap Initial Capacity: 256M
 Heap Max Capacity: 512M
 Pre-touch: Disabled
 Parallel Workers: 8
 Concurrent Workers: 2
 Concurrent Refinement Workers: 8
 Periodic GC: Disabled
Heap:
 garbage-first heap   total 262144K, used 79483K [0x00000000e0000000, 0x0000000100000000)
  region size 1024K, 33 young (33792K), 19 survivors (19456K)
 Metaspace       used 66189K, committed 66816K, reserved 278528K
  class space    used 8662K, committed 8960K, reserved 212992K
GC Heap History (18 events):
Event: 0.436 GC heap before
{Heap before GC invocations=0 (full 0):
 garbage-first heap   total 262144K, used 28672K [0x00000000e0000000, 0x0000000100000000)
  region size 1024K, 23 young (23552K), 0 survivors (0K)
 Metaspace       used 3106K, committed 3264K, reserved 221184K
  class space    used 378K, committed 448K, reserved 212992K
}
Event: 0.439 GC heap after
{Heap after GC invocations=1 (full 0):
 garbage-first heap   total 262144K, used 9114K [0x00000000e0000000, 0x0000000100000000)
  region size 1024K, 3 young (3072K), 3 survivors (3072K)
 Metaspace       used 3106K, committed 3264K, reserved 221184K
  class space    used 378K, committed 448K, reserved 212992K
}
Event: 0.594 GC heap before
{Heap before GC invocations=1 (full 0):
 garbage-first heap   total 262144K, used 38810K [0x00000000e0000000, 0x0000000100000000)
  region size 1024K, 32 young (32768K), 3 survivors (3072K)
 Metaspace       used 4022K, committed 4224K, reserved 221184K
  class space    used 473K, committed 576K, reserved 212992K
}
Event: 0.597 GC heap after
{Heap after GC invocations=2 (full 0):
 garbage-first heap   total 262144K, used 12029K [0x00000000e0000000, 0x0000000100000000)
  region size 1024K, 2 young (2048K), 2 survivors (2048K)
 Metaspace       used 4022K, committed 4224K, reserved 221184K
  class space    used 473K, committed 576K, reserved 212992K
}
Event: 3.459 GC heap before
{Heap before GC invocations=2 (full 0):
 garbage-first heap   total 262144K, used 120573K [0x00000000e0000000, 0x0000000100000000)
  region size 1024K, 109 young (111616K), 2 survivors (2048K)
 Metaspace       used 20949K, committed 21248K, reserved 237568K
  class space    used 3101K, committed 3264K, reserved 212992K
}
Event: 3.466 GC heap after
{Heap after GC invocations=3 (full 0):
 garbage-first heap   total 262144K, used 20933K [0x00000000e0000000, 0x0000000100000000)
  region size 1024K, 12 young (12288K), 12 survivors (12288K)
 Metaspace       used 20949K, committed 21248K, reserved 237568K
  class space    used 3101K, committed 3264K, reserved 212992K
}
Event: 5.566 GC heap before
{Heap before GC invocations=4 (full 0):
 garbage-first heap   total 262144K, used 123333K [0x00000000e0000000, 0x0000000100000000)
  region size 1024K, 110 young (112640K), 12 survivors (12288K)
 Metaspace       used 35217K, committed 35520K, reserved 245760K
  class space    used 4772K, committed 4928K, reserved 212992K
}
Event: 5.575 GC heap after
{Heap after GC invocations=5 (full 0):
 garbage-first heap   total 262144K, used 28818K [0x00000000e0000000, 0x0000000100000000)
  region size 1024K, 18 young (18432K), 18 survivors (18432K)
 Metaspace       used 35217K, committed 35520K, reserved 245760K
  class space    used 4772K, committed 4928K, reserved 212992K
}
Event: 11.236 GC heap before
{Heap before GC invocations=6 (full 0):
 garbage-first heap   total 262144K, used 166034K [0x00000000e0000000, 0x0000000100000000)
  region size 1024K, 153 young (156672K), 18 survivors (18432K)
 Metaspace       used 46371K, committed 46848K, reserved 253952K
  class space    used 6365K, committed 6592K, reserved 212992K
}
Event: 11.255 GC heap after
{Heap after GC invocations=7 (full 0):
 garbage-first heap   total 262144K, used 39756K [0x00000000e0000000, 0x0000000100000000)
  region size 1024K, 20 young (20480K), 20 survivors (20480K)
 Metaspace       used 46371K, committed 46848K, reserved 253952K
  class space    used 6365K, committed 6592K, reserved 212992K
}
Event: 14.564 GC heap before
{Heap before GC invocations=7 (full 0):
 garbage-first heap   total 262144K, used 176972K [0x00000000e0000000, 0x0000000100000000)
  region size 1024K, 153 young (156672K), 20 survivors (20480K)
 Metaspace       used 54384K, committed 54912K, reserved 262144K
  class space    used 7348K, committed 7552K, reserved 212992K
}
Event: 14.578 GC heap after
{Heap after GC invocations=8 (full 0):
 garbage-first heap   total 262144K, used 47534K [0x00000000e0000000, 0x0000000100000000)
  region size 1024K, 8 young (8192K), 8 survivors (8192K)
 Metaspace       used 54384K, committed 54912K, reserved 262144K
  class space    used 7348K, committed 7552K, reserved 212992K
}
Event: 15.530 GC heap before
{Heap before GC invocations=8 (full 0):
 garbage-first heap   total 262144K, used 151982K [0x00000000e0000000, 0x0000000100000000)
  region size 1024K, 112 young (114688K), 8 survivors (8192K)
 Metaspace       used 58969K, committed 59520K, reserved 270336K
  class space    used 7953K, committed 8192K, reserved 212992K
}
Event: 15.540 GC heap after
{Heap after GC invocations=9 (full 0):
 garbage-first heap   total 262144K, used 58586K [0x00000000e0000000, 0x0000000100000000)
  region size 1024K, 19 young (19456K), 19 survivors (19456K)
 Metaspace       used 58969K, committed 59520K, reserved 270336K
  class space    used 7953K, committed 8192K, reserved 212992K
}
Event: 17.472 GC heap before
{Heap before GC invocations=10 (full 0):
 garbage-first heap   total 262144K, used 194778K [0x00000000e0000000, 0x0000000100000000)
  region size 1024K, 153 young (156672K), 19 survivors (19456K)
 Metaspace       used 63819K, committed 64320K, reserved 270336K
  class space    used 8464K, committed 8704K, reserved 212992K
}
Event: 17.483 GC heap after
{Heap after GC invocations=11 (full 0):
 garbage-first heap   total 262144K, used 58145K [0x00000000e0000000, 0x0000000100000000)
  region size 1024K, 11 young (11264K), 11 survivors (11264K)
 Metaspace       used 63819K, committed 64320K, reserved 270336K
  class space    used 8464K, committed 8704K, reserved 212992K
}
Event: 80.031 GC heap before
{Heap before GC invocations=11 (full 0):
 garbage-first heap   total 262144K, used 198433K [0x00000000e0000000, 0x0000000100000000)
  region size 1024K, 148 young (151552K), 11 survivors (11264K)
 Metaspace       used 65972K, committed 66496K, reserved 278528K
  class space    used 8646K, committed 8896K, reserved 212992K
}
Event: 80.043 GC heap after
{Heap after GC invocations=12 (full 0):
 garbage-first heap   total 262144K, used 66171K [0x00000000e0000000, 0x0000000100000000)
  region size 1024K, 19 young (19456K), 19 survivors (19456K)
 Metaspace       used 65972K, committed 66496K, reserved 278528K
  class space    used 8646K, committed 8896K, reserved 212992K
}

