# JRE version: OpenJDK Runtime Environment (16.0.2+7) (build 16.0.2+7-67)
# Java VM: OpenJDK 64-Bit Server VM (16.0.2+7-67, mixed mode, sharing, tiered, compressed oops, compressed class ptrs, g1 gc, windows-amd64)
GC Precious Log:
 CPUs: 8 total, 8 available
 Memory: 16343M
 Large Page Support: Disabled
 NUMA Support: Disabled
 Compressed Oops: Enabled (32-bit)
 Heap Region Size: 1M
 Heap Min Capacity: 256M
 Heap Initial Capacity: 256M
 Heap Max Capacity: 512M
 Pre-touch: Disabled
 Parallel Workers: 8
 Concurrent Workers: 2
 Concurrent Refinement Workers: 8
 Periodic GC: Disabled
Heap:
 garbage-first heap   total 262144K, used 165819K [0x00000000e0000000, 0x0000000100000000)
  region size 1024K, 97 young (99328K), 14 survivors (14336K)
 Metaspace       used 64211K, committed 64896K, reserved 270336K
  class space    used 8337K, committed 8640K, reserved 212992K
GC Heap History (20 events):
Event: 0.387 GC heap before
{Heap before GC invocations=0 (full 0):
 garbage-first heap   total 262144K, used 28672K [0x00000000e0000000, 0x0000000100000000)
  region size 1024K, 23 young (23552K), 0 survivors (0K)
 Metaspace       used 3109K, committed 3264K, reserved 221184K
  class space    used 378K, committed 448K, reserved 212992K
}
Event: 0.391 GC heap after
{Heap after GC invocations=1 (full 0):
 garbage-first heap   total 262144K, used 8865K [0x00000000e0000000, 0x0000000100000000)
  region size 1024K, 3 young (3072K), 3 survivors (3072K)
 Metaspace       used 3109K, committed 3264K, reserved 221184K
  class space    used 378K, committed 448K, reserved 212992K
}
Event: 0.530 GC heap before
{Heap before GC invocations=1 (full 0):
 garbage-first heap   total 262144K, used 38561K [0x00000000e0000000, 0x0000000100000000)
  region size 1024K, 32 young (32768K), 3 survivors (3072K)
 Metaspace       used 4016K, committed 4224K, reserved 221184K
  class space    used 473K, committed 576K, reserved 212992K
}
Event: 0.532 GC heap after
{Heap after GC invocations=2 (full 0):
 garbage-first heap   total 262144K, used 11999K [0x00000000e0000000, 0x0000000100000000)
  region size 1024K, 3 young (3072K), 3 survivors (3072K)
 Metaspace       used 4016K, committed 4224K, reserved 221184K
  class space    used 473K, committed 576K, reserved 212992K
}
Event: 2.165 GC heap before
{Heap before GC invocations=2 (full 0):
 garbage-first heap   total 262144K, used 121567K [0x00000000e0000000, 0x0000000100000000)
  region size 1024K, 112 young (114688K), 3 survivors (3072K)
 Metaspace       used 20954K, committed 21248K, reserved 237568K
  class space    used 3104K, committed 3264K, reserved 212992K
}
Event: 2.172 GC heap after
{Heap after GC invocations=3 (full 0):
 garbage-first heap   total 262144K, used 20394K [0x00000000e0000000, 0x0000000100000000)
  region size 1024K, 12 young (12288K), 12 survivors (12288K)
 Metaspace       used 20954K, committed 21248K, reserved 237568K
  class space    used 3104K, committed 3264K, reserved 212992K
}
Event: 3.443 GC heap before
{Heap before GC invocations=4 (full 0):
 garbage-first heap   total 262144K, used 123818K [0x00000000e0000000, 0x0000000100000000)
  region size 1024K, 111 young (113664K), 12 survivors (12288K)
 Metaspace       used 35193K, committed 35520K, reserved 245760K
  class space    used 4771K, committed 4928K, reserved 212992K
}
Event: 3.453 GC heap after
{Heap after GC invocations=5 (full 0):
 garbage-first heap   total 262144K, used 29037K [0x00000000e0000000, 0x0000000100000000)
  region size 1024K, 18 young (18432K), 18 survivors (18432K)
 Metaspace       used 35193K, committed 35520K, reserved 245760K
  class space    used 4771K, committed 4928K, reserved 212992K
}
Event: 5.306 GC heap before
{Heap before GC invocations=6 (full 0):
 garbage-first heap   total 262144K, used 167277K [0x00000000e0000000, 0x0000000100000000)
  region size 1024K, 153 young (156672K), 18 survivors (18432K)
 Metaspace       used 46276K, committed 46784K, reserved 253952K
  class space    used 6349K, committed 6592K, reserved 212992K
}
Event: 5.323 GC heap after
{Heap after GC invocations=7 (full 0):
 garbage-first heap   total 262144K, used 40260K [0x00000000e0000000, 0x0000000100000000)
  region size 1024K, 20 young (20480K), 20 survivors (20480K)
 Metaspace       used 46276K, committed 46784K, reserved 253952K
  class space    used 6349K, committed 6592K, reserved 212992K
}
Event: 6.485 GC heap before
{Heap before GC invocations=7 (full 0):
 garbage-first heap   total 262144K, used 175428K [0x00000000e0000000, 0x0000000100000000)
  region size 1024K, 153 young (156672K), 20 survivors (20480K)
 Metaspace       used 49295K, committed 49792K, reserved 262144K
  class space    used 6736K, committed 6976K, reserved 212992K
}
Event: 6.503 GC heap after
{Heap after GC invocations=8 (full 0):
 garbage-first heap   total 262144K, used 52911K [0x00000000e0000000, 0x0000000100000000)
  region size 1024K, 14 young (14336K), 14 survivors (14336K)
 Metaspace       used 49295K, committed 49792K, reserved 262144K
  class space    used 6736K, committed 6976K, reserved 212992K
}
Event: 7.490 GC heap before
{Heap before GC invocations=8 (full 0):
 garbage-first heap   total 262144K, used 196271K [0x00000000e0000000, 0x0000000100000000)
  region size 1024K, 153 young (156672K), 14 survivors (14336K)
 Metaspace       used 56834K, committed 57408K, reserved 270336K
  class space    used 7631K, committed 7936K, reserved 212992K
}
Event: 7.504 GC heap after
{Heap after GC invocations=9 (full 0):
 garbage-first heap   total 262144K, used 66157K [0x00000000e0000000, 0x0000000100000000)
  region size 1024K, 13 young (13312K), 13 survivors (13312K)
 Metaspace       used 56834K, committed 57408K, reserved 270336K
  class space    used 7631K, committed 7936K, reserved 212992K
}
Event: 8.144 GC heap before
{Heap before GC invocations=9 (full 0):
 garbage-first heap   total 262144K, used 140909K [0x00000000e0000000, 0x0000000100000000)
  region size 1024K, 87 young (89088K), 13 survivors (13312K)
 Metaspace       used 58993K, committed 59520K, reserved 270336K
  class space    used 7852K, committed 8128K, reserved 212992K
}
Event: 8.152 GC heap after
{Heap after GC invocations=10 (full 0):
 garbage-first heap   total 262144K, used 68895K [0x00000000e0000000, 0x0000000100000000)
  region size 1024K, 3 young (3072K), 3 survivors (3072K)
 Metaspace       used 58993K, committed 59520K, reserved 270336K
  class space    used 7852K, committed 8128K, reserved 212992K
}
Event: 952.207 GC heap before
{Heap before GC invocations=11 (full 0):
 garbage-first heap   total 262144K, used 202015K [0x00000000e0000000, 0x0000000100000000)
  region size 1024K, 134 young (137216K), 3 survivors (3072K)
 Metaspace       used 62111K, committed 62784K, reserved 270336K
  class space    used 8145K, committed 8448K, reserved 212992K
}
Event: 952.213 GC heap after
{Heap after GC invocations=12 (full 0):
 garbage-first heap   total 262144K, used 75877K [0x00000000e0000000, 0x0000000100000000)
  region size 1024K, 10 young (10240K), 10 survivors (10240K)
 Metaspace       used 62111K, committed 62784K, reserved 270336K
  class space    used 8145K, committed 8448K, reserved 212992K
}
Event: 952.654 GC heap before
{Heap before GC invocations=12 (full 0):
 garbage-first heap   total 262144K, used 205925K [0x00000000e0000000, 0x0000000100000000)
  region size 1024K, 136 young (139264K), 10 survivors (10240K)
 Metaspace       used 62531K, committed 63168K, reserved 270336K
  class space    used 8155K, committed 8448K, reserved 212992K
}
Event: 952.662 GC heap after
{Heap after GC invocations=13 (full 0):
 garbage-first heap   total 262144K, used 82875K [0x00000000e0000000, 0x0000000100000000)
  region size 1024K, 14 young (14336K), 14 survivors (14336K)
 Metaspace       used 62531K, committed 63168K, reserved 270336K
  class space    used 8155K, committed 8448K, reserved 212992K
}

