# JRE version: OpenJDK Runtime Environment (16.0.2+7) (build 16.0.2+7-67)
# Java VM: OpenJDK 64-Bit Server VM (16.0.2+7-67, mixed mode, sharing, tiered, compressed oops, compressed class ptrs, g1 gc, windows-amd64)
GC Precious Log:
 CPUs: 8 total, 8 available
 Memory: 16343M
 Large Page Support: Disabled
 NUMA Support: Disabled
 Compressed Oops: Enabled (32-bit)
 Heap Region Size: 1M
 Heap Min Capacity: 256M
 Heap Initial Capacity: 256M
 Heap Max Capacity: 512M
 Pre-touch: Disabled
 Parallel Workers: 8
 Concurrent Workers: 2
 Concurrent Refinement Workers: 8
 Periodic GC: Disabled
Heap:
 garbage-first heap   total 262144K, used 131072K [0x00000000e0000000, 0x0000000100000000)
  region size 1024K, 92 young (94208K), 6 survivors (6144K)
 Metaspace       used 49580K, committed 50112K, reserved 262144K
  class space    used 6587K, committed 6848K, reserved 212992K
GC Heap History (12 events):
Event: 0.414 GC heap before
{Heap before GC invocations=0 (full 0):
 garbage-first heap   total 262144K, used 28672K [0x00000000e0000000, 0x0000000100000000)
  region size 1024K, 23 young (23552K), 0 survivors (0K)
 Metaspace       used 3112K, committed 3264K, reserved 221184K
  class space    used 378K, committed 448K, reserved 212992K
}
Event: 0.418 GC heap after
{Heap after GC invocations=1 (full 0):
 garbage-first heap   total 262144K, used 9012K [0x00000000e0000000, 0x0000000100000000)
  region size 1024K, 3 young (3072K), 3 survivors (3072K)
 Metaspace       used 3112K, committed 3264K, reserved 221184K
  class space    used 378K, committed 448K, reserved 212992K
}
Event: 0.558 GC heap before
{Heap before GC invocations=1 (full 0):
 garbage-first heap   total 262144K, used 38708K [0x00000000e0000000, 0x0000000100000000)
  region size 1024K, 32 young (32768K), 3 survivors (3072K)
 Metaspace       used 4006K, committed 4224K, reserved 221184K
  class space    used 474K, committed 576K, reserved 212992K
}
Event: 0.560 GC heap after
{Heap after GC invocations=2 (full 0):
 garbage-first heap   total 262144K, used 12266K [0x00000000e0000000, 0x0000000100000000)
  region size 1024K, 3 young (3072K), 3 survivors (3072K)
 Metaspace       used 4006K, committed 4224K, reserved 221184K
  class space    used 474K, committed 576K, reserved 212992K
}
Event: 2.300 GC heap before
{Heap before GC invocations=2 (full 0):
 garbage-first heap   total 262144K, used 119786K [0x00000000e0000000, 0x0000000100000000)
  region size 1024K, 110 young (112640K), 3 survivors (3072K)
 Metaspace       used 20952K, committed 21248K, reserved 237568K
  class space    used 3103K, committed 3264K, reserved 212992K
}
Event: 2.307 GC heap after
{Heap after GC invocations=3 (full 0):
 garbage-first heap   total 262144K, used 20571K [0x00000000e0000000, 0x0000000100000000)
  region size 1024K, 12 young (12288K), 12 survivors (12288K)
 Metaspace       used 20952K, committed 21248K, reserved 237568K
  class space    used 3103K, committed 3264K, reserved 212992K
}
Event: 3.460 GC heap before
{Heap before GC invocations=4 (full 0):
 garbage-first heap   total 262144K, used 122971K [0x00000000e0000000, 0x0000000100000000)
  region size 1024K, 110 young (112640K), 12 survivors (12288K)
 Metaspace       used 35179K, committed 35520K, reserved 245760K
  class space    used 4771K, committed 4928K, reserved 212992K
}
Event: 3.470 GC heap after
{Heap after GC invocations=5 (full 0):
 garbage-first heap   total 262144K, used 29187K [0x00000000e0000000, 0x0000000100000000)
  region size 1024K, 18 young (18432K), 18 survivors (18432K)
 Metaspace       used 35179K, committed 35520K, reserved 245760K
  class space    used 4771K, committed 4928K, reserved 212992K
}
Event: 5.280 GC heap before
{Heap before GC invocations=6 (full 0):
 garbage-first heap   total 262144K, used 166403K [0x00000000e0000000, 0x0000000100000000)
  region size 1024K, 153 young (156672K), 18 survivors (18432K)
 Metaspace       used 46245K, committed 46720K, reserved 253952K
  class space    used 6347K, committed 6592K, reserved 212992K
}
Event: 5.295 GC heap after
{Heap after GC invocations=7 (full 0):
 garbage-first heap   total 262144K, used 40231K [0x00000000e0000000, 0x0000000100000000)
  region size 1024K, 20 young (20480K), 20 survivors (20480K)
 Metaspace       used 46245K, committed 46720K, reserved 253952K
  class space    used 6347K, committed 6592K, reserved 212992K
}
Event: 1093.959 GC heap before
{Heap before GC invocations=7 (full 0):
 garbage-first heap   total 262144K, used 175399K [0x00000000e0000000, 0x0000000100000000)
  region size 1024K, 153 young (156672K), 20 survivors (20480K)
 Metaspace       used 48929K, committed 49344K, reserved 262144K
  class space    used 6582K, committed 6784K, reserved 212992K
}
Event: 1093.971 GC heap after
{Heap after GC invocations=8 (full 0):
 garbage-first heap   total 262144K, used 45056K [0x00000000e0000000, 0x0000000100000000)
  region size 1024K, 6 young (6144K), 6 survivors (6144K)
 Metaspace       used 48929K, committed 49344K, reserved 262144K
  class space    used 6582K, committed 6784K, reserved 212992K
}

