# JRE version: OpenJDK Runtime Environment (16.0.2+7) (build 16.0.2+7-67)
# Java VM: OpenJDK 64-Bit Server VM (16.0.2+7-67, mixed mode, sharing, tiered, compressed oops, compressed class ptrs, g1 gc, windows-amd64)
GC Precious Log:
 CPUs: 8 total, 8 available
 Memory: 16343M
 Large Page Support: Disabled
 NUMA Support: Disabled
 Compressed Oops: Enabled (32-bit)
 Heap Region Size: 1M
 Heap Min Capacity: 256M
 Heap Initial Capacity: 256M
 Heap Max Capacity: 512M
 Pre-touch: Disabled
 Parallel Workers: 8
 Concurrent Workers: 2
 Concurrent Refinement Workers: 8
 Periodic GC: Disabled
Heap:
 garbage-first heap   total 262144K, used 172727K [0x00000000e0000000, 0x0000000100000000)
  region size 1024K, 101 young (103424K), 18 survivors (18432K)
 Metaspace       used 64666K, committed 65280K, reserved 270336K
  class space    used 8371K, committed 8704K, reserved 212992K
GC Heap History (20 events):
Event: 3.042 GC heap before
{Heap before GC invocations=2 (full 0):
 garbage-first heap   total 262144K, used 119573K [0x00000000e0000000, 0x0000000100000000)
  region size 1024K, 109 young (111616K), 2 survivors (2048K)
 Metaspace       used 20958K, committed 21248K, reserved 237568K
  class space    used 3103K, committed 3264K, reserved 212992K
}
Event: 3.050 GC heap after
{Heap after GC invocations=3 (full 0):
 garbage-first heap   total 262144K, used 20502K [0x00000000e0000000, 0x0000000100000000)
  region size 1024K, 12 young (12288K), 12 survivors (12288K)
 Metaspace       used 20958K, committed 21248K, reserved 237568K
  class space    used 3103K, committed 3264K, reserved 212992K
}
Event: 4.818 GC heap before
{Heap before GC invocations=4 (full 0):
 garbage-first heap   total 262144K, used 122902K [0x00000000e0000000, 0x0000000100000000)
  region size 1024K, 110 young (112640K), 12 survivors (12288K)
 Metaspace       used 35210K, committed 35520K, reserved 245760K
  class space    used 4774K, committed 4928K, reserved 212992K
}
Event: 4.830 GC heap after
{Heap after GC invocations=5 (full 0):
 garbage-first heap   total 262144K, used 29028K [0x00000000e0000000, 0x0000000100000000)
  region size 1024K, 18 young (18432K), 18 survivors (18432K)
 Metaspace       used 35210K, committed 35520K, reserved 245760K
  class space    used 4774K, committed 4928K, reserved 212992K
}
Event: 9.857 GC heap before
{Heap before GC invocations=6 (full 0):
 garbage-first heap   total 262144K, used 166244K [0x00000000e0000000, 0x0000000100000000)
  region size 1024K, 153 young (156672K), 18 survivors (18432K)
 Metaspace       used 46288K, committed 46784K, reserved 253952K
  class space    used 6349K, committed 6592K, reserved 212992K
}
Event: 9.872 GC heap after
{Heap after GC invocations=7 (full 0):
 garbage-first heap   total 262144K, used 40518K [0x00000000e0000000, 0x0000000100000000)
  region size 1024K, 20 young (20480K), 20 survivors (20480K)
 Metaspace       used 46288K, committed 46784K, reserved 253952K
  class space    used 6349K, committed 6592K, reserved 212992K
}
Event: 12.371 GC heap before
{Heap before GC invocations=7 (full 0):
 garbage-first heap   total 262144K, used 176710K [0x00000000e0000000, 0x0000000100000000)
  region size 1024K, 153 young (156672K), 20 survivors (20480K)
 Metaspace       used 49864K, committed 50368K, reserved 262144K
  class space    used 6807K, committed 7040K, reserved 212992K
}
Event: 12.391 GC heap after
{Heap after GC invocations=8 (full 0):
 garbage-first heap   total 262144K, used 53248K [0x00000000e0000000, 0x0000000100000000)
  region size 1024K, 13 young (13312K), 13 survivors (13312K)
 Metaspace       used 49864K, committed 50368K, reserved 262144K
  class space    used 6807K, committed 7040K, reserved 212992K
}
Event: 13.946 GC heap before
{Heap before GC invocations=8 (full 0):
 garbage-first heap   total 262144K, used 196608K [0x00000000e0000000, 0x0000000100000000)
  region size 1024K, 153 young (156672K), 13 survivors (13312K)
 Metaspace       used 57103K, committed 57664K, reserved 270336K
  class space    used 7670K, committed 7936K, reserved 212992K
}
Event: 13.958 GC heap after
{Heap after GC invocations=9 (full 0):
 garbage-first heap   total 262144K, used 65460K [0x00000000e0000000, 0x0000000100000000)
  region size 1024K, 12 young (12288K), 12 survivors (12288K)
 Metaspace       used 57103K, committed 57664K, reserved 270336K
  class space    used 7670K, committed 7936K, reserved 212992K
}
Event: 14.427 GC heap before
{Heap before GC invocations=9 (full 0):
 garbage-first heap   total 262144K, used 109492K [0x00000000e0000000, 0x0000000100000000)
  region size 1024K, 57 young (58368K), 12 survivors (12288K)
 Metaspace       used 58969K, committed 59520K, reserved 270336K
  class space    used 7857K, committed 8128K, reserved 212992K
}
Event: 14.435 GC heap after
{Heap after GC invocations=10 (full 0):
 garbage-first heap   total 262144K, used 69031K [0x00000000e0000000, 0x0000000100000000)
  region size 1024K, 3 young (3072K), 3 survivors (3072K)
 Metaspace       used 58969K, committed 59520K, reserved 270336K
  class space    used 7857K, committed 8128K, reserved 212992K
}
Event: 3621.123 GC heap before
{Heap before GC invocations=11 (full 0):
 garbage-first heap   total 262144K, used 203175K [0x00000000e0000000, 0x0000000100000000)
  region size 1024K, 134 young (137216K), 3 survivors (3072K)
 Metaspace       used 61299K, committed 61952K, reserved 270336K
  class space    used 8124K, committed 8448K, reserved 212992K
}
Event: 3621.129 GC heap after
{Heap after GC invocations=12 (full 0):
 garbage-first heap   total 262144K, used 69698K [0x00000000e0000000, 0x0000000100000000)
  region size 1024K, 4 young (4096K), 4 survivors (4096K)
 Metaspace       used 61299K, committed 61952K, reserved 270336K
  class space    used 8124K, committed 8448K, reserved 212992K
}
Event: 8496.829 GC heap before
{Heap before GC invocations=12 (full 0):
 garbage-first heap   total 262144K, used 207938K [0x00000000e0000000, 0x0000000100000000)
  region size 1024K, 139 young (142336K), 4 survivors (4096K)
 Metaspace       used 61307K, committed 61952K, reserved 270336K
  class space    used 8124K, committed 8448K, reserved 212992K
}
Event: 8496.879 GC heap after
{Heap after GC invocations=13 (full 0):
 garbage-first heap   total 262144K, used 69557K [0x00000000e0000000, 0x0000000100000000)
  region size 1024K, 4 young (4096K), 4 survivors (4096K)
 Metaspace       used 61307K, committed 61952K, reserved 270336K
  class space    used 8124K, committed 8448K, reserved 212992K
}
Event: 9114.238 GC heap before
{Heap before GC invocations=13 (full 0):
 garbage-first heap   total 262144K, used 211893K [0x00000000e0000000, 0x0000000100000000)
  region size 1024K, 144 young (147456K), 4 survivors (4096K)
 Metaspace       used 62156K, committed 62784K, reserved 270336K
  class space    used 8134K, committed 8448K, reserved 212992K
}
Event: 9114.249 GC heap after
{Heap after GC invocations=14 (full 0):
 garbage-first heap   total 262144K, used 77963K [0x00000000e0000000, 0x0000000100000000)
  region size 1024K, 12 young (12288K), 12 survivors (12288K)
 Metaspace       used 62156K, committed 62784K, reserved 270336K
  class space    used 8134K, committed 8448K, reserved 212992K
}
Event: 9115.941 GC heap before
{Heap before GC invocations=14 (full 0):
 garbage-first heap   total 262144K, used 212107K [0x00000000e0000000, 0x0000000100000000)
  region size 1024K, 142 young (145408K), 12 survivors (12288K)
 Metaspace       used 63007K, committed 63680K, reserved 270336K
  class space    used 8221K, committed 8512K, reserved 212992K
}
Event: 9115.955 GC heap after
{Heap after GC invocations=15 (full 0):
 garbage-first heap   total 262144K, used 88759K [0x00000000e0000000, 0x0000000100000000)
  region size 1024K, 18 young (18432K), 18 survivors (18432K)
 Metaspace       used 63007K, committed 63680K, reserved 270336K
  class space    used 8221K, committed 8512K, reserved 212992K
}

