# JRE version: OpenJDK Runtime Environment (16.0.2+7) (build 16.0.2+7-67)
# Java VM: OpenJDK 64-Bit Server VM (16.0.2+7-67, mixed mode, sharing, tiered, compressed oops, compressed class ptrs, g1 gc, windows-amd64)
GC Precious Log:
 CPUs: 8 total, 8 available
 Memory: 16343M
 Large Page Support: Disabled
 NUMA Support: Disabled
 Compressed Oops: Enabled (32-bit)
 Heap Region Size: 1M
 Heap Min Capacity: 256M
 Heap Initial Capacity: 256M
 Heap Max Capacity: 512M
 Pre-touch: Disabled
 Parallel Workers: 8
 Concurrent Workers: 2
 Concurrent Refinement Workers: 8
 Periodic GC: Disabled
Heap:
 garbage-first heap   total 262144K, used 175048K [0x00000000e0000000, 0x0000000100000000)
  region size 1024K, 113 young (115712K), 17 survivors (17408K)
 Metaspace       used 71021K, committed 71680K, reserved 278528K
  class space    used 9152K, committed 9472K, reserved 212992K
GC Heap History (20 events):
Event: 57.644 GC heap before
{Heap before GC invocations=7 (full 0):
 garbage-first heap   total 262144K, used 175344K [0x00000000e0000000, 0x0000000100000000)
  region size 1024K, 153 young (156672K), 20 survivors (20480K)
 Metaspace       used 49273K, committed 49856K, reserved 262144K
  class space    used 6637K, committed 6912K, reserved 212992K
}
Event: 57.656 GC heap after
{Heap after GC invocations=8 (full 0):
 garbage-first heap   total 262144K, used 46080K [0x00000000e0000000, 0x0000000100000000)
  region size 1024K, 7 young (7168K), 7 survivors (7168K)
 Metaspace       used 49273K, committed 49856K, reserved 262144K
  class space    used 6637K, committed 6912K, reserved 212992K
}
Event: 58.577 GC heap before
{Heap before GC invocations=8 (full 0):
 garbage-first heap   total 262144K, used 196608K [0x00000000e0000000, 0x0000000100000000)
  region size 1024K, 153 young (156672K), 7 survivors (7168K)
 Metaspace       used 56602K, committed 57088K, reserved 270336K
  class space    used 7514K, committed 7744K, reserved 212992K
}
Event: 58.585 GC heap after
{Heap after GC invocations=9 (full 0):
 garbage-first heap   total 262144K, used 52903K [0x00000000e0000000, 0x0000000100000000)
  region size 1024K, 13 young (13312K), 13 survivors (13312K)
 Metaspace       used 56602K, committed 57088K, reserved 270336K
  class space    used 7514K, committed 7744K, reserved 212992K
}
Event: 59.157 GC heap before
{Heap before GC invocations=9 (full 0):
 garbage-first heap   total 262144K, used 123559K [0x00000000e0000000, 0x0000000100000000)
  region size 1024K, 84 young (86016K), 13 survivors (13312K)
 Metaspace       used 58921K, committed 59456K, reserved 270336K
  class space    used 7786K, committed 8064K, reserved 212992K
}
Event: 59.170 GC heap after
{Heap after GC invocations=10 (full 0):
 garbage-first heap   total 262144K, used 64487K [0x00000000e0000000, 0x0000000100000000)
  region size 1024K, 18 young (18432K), 18 survivors (18432K)
 Metaspace       used 58921K, committed 59456K, reserved 270336K
  class space    used 7786K, committed 8064K, reserved 212992K
}
Event: 61.214 GC heap before
{Heap before GC invocations=11 (full 0):
 garbage-first heap   total 262144K, used 199655K [0x00000000e0000000, 0x0000000100000000)
  region size 1024K, 151 young (154624K), 18 survivors (18432K)
 Metaspace       used 65934K, committed 66560K, reserved 278528K
  class space    used 8611K, committed 8896K, reserved 212992K
}
Event: 61.223 GC heap after
{Heap after GC invocations=12 (full 0):
 garbage-first heap   total 262144K, used 61971K [0x00000000e0000000, 0x0000000100000000)
  region size 1024K, 9 young (9216K), 9 survivors (9216K)
 Metaspace       used 65934K, committed 66560K, reserved 278528K
  class space    used 8611K, committed 8896K, reserved 212992K
}
Event: 62.062 GC heap before
{Heap before GC invocations=13 (full 0):
 garbage-first heap   total 262144K, used 204307K [0x00000000e0000000, 0x0000000100000000)
  region size 1024K, 147 young (150528K), 9 survivors (9216K)
 Metaspace       used 66504K, committed 67136K, reserved 278528K
  class space    used 8672K, committed 8960K, reserved 212992K
}
Event: 62.070 GC heap after
{Heap after GC invocations=14 (full 0):
 garbage-first heap   total 262144K, used 68350K [0x00000000e0000000, 0x0000000100000000)
  region size 1024K, 14 young (14336K), 14 survivors (14336K)
 Metaspace       used 66504K, committed 67136K, reserved 278528K
  class space    used 8672K, committed 8960K, reserved 212992K
}
Event: 62.261 GC heap before
{Heap before GC invocations=14 (full 0):
 garbage-first heap   total 262144K, used 207614K [0x00000000e0000000, 0x0000000100000000)
  region size 1024K, 148 young (151552K), 14 survivors (14336K)
 Metaspace       used 66687K, committed 67328K, reserved 278528K
  class space    used 8690K, committed 8960K, reserved 212992K
}
Event: 62.269 GC heap after
{Heap after GC invocations=15 (full 0):
 garbage-first heap   total 262144K, used 68438K [0x00000000e0000000, 0x0000000100000000)
  region size 1024K, 7 young (7168K), 7 survivors (7168K)
 Metaspace       used 66687K, committed 67328K, reserved 278528K
  class space    used 8690K, committed 8960K, reserved 212992K
}
Event: 62.382 GC heap before
{Heap before GC invocations=15 (full 0):
 garbage-first heap   total 262144K, used 213846K [0x00000000e0000000, 0x0000000100000000)
  region size 1024K, 146 young (149504K), 7 survivors (7168K)
 Metaspace       used 66710K, committed 67328K, reserved 278528K
  class space    used 8692K, committed 8960K, reserved 212992K
}
Event: 62.386 GC heap after
{Heap after GC invocations=16 (full 0):
 garbage-first heap   total 262144K, used 68494K [0x00000000e0000000, 0x0000000100000000)
  region size 1024K, 7 young (7168K), 7 survivors (7168K)
 Metaspace       used 66710K, committed 67328K, reserved 278528K
  class space    used 8692K, committed 8960K, reserved 212992K
}
Event: 62.988 GC heap before
{Heap before GC invocations=16 (full 0):
 garbage-first heap   total 262144K, used 216974K [0x00000000e0000000, 0x0000000100000000)
  region size 1024K, 150 young (153600K), 7 survivors (7168K)
 Metaspace       used 67235K, committed 67840K, reserved 278528K
  class space    used 8744K, committed 9024K, reserved 212992K
}
Event: 62.993 GC heap after
{Heap after GC invocations=17 (full 0):
 garbage-first heap   total 262144K, used 68714K [0x00000000e0000000, 0x0000000100000000)
  region size 1024K, 8 young (8192K), 8 survivors (8192K)
 Metaspace       used 67235K, committed 67840K, reserved 278528K
  class space    used 8744K, committed 9024K, reserved 212992K
}
Event: 68.158 GC heap before
{Heap before GC invocations=17 (full 0):
 garbage-first heap   total 262144K, used 218218K [0x00000000e0000000, 0x0000000100000000)
  region size 1024K, 153 young (156672K), 8 survivors (8192K)
 Metaspace       used 67849K, committed 68480K, reserved 278528K
  class space    used 8793K, committed 9088K, reserved 212992K
}
Event: 68.164 GC heap after
{Heap after GC invocations=18 (full 0):
 garbage-first heap   total 262144K, used 71938K [0x00000000e0000000, 0x0000000100000000)
  region size 1024K, 11 young (11264K), 11 survivors (11264K)
 Metaspace       used 67849K, committed 68480K, reserved 278528K
  class space    used 8793K, committed 9088K, reserved 212992K
}
Event: 125.008 GC heap before
{Heap before GC invocations=18 (full 0):
 garbage-first heap   total 262144K, used 216322K [0x00000000e0000000, 0x0000000100000000)
  region size 1024K, 153 young (156672K), 11 survivors (11264K)
 Metaspace       used 70703K, committed 71360K, reserved 278528K
  class space    used 9151K, committed 9472K, reserved 212992K
}
Event: 125.017 GC heap after
{Heap after GC invocations=19 (full 0):
 garbage-first heap   total 262144K, used 78792K [0x00000000e0000000, 0x0000000100000000)
  region size 1024K, 17 young (17408K), 17 survivors (17408K)
 Metaspace       used 70703K, committed 71360K, reserved 278528K
  class space    used 9151K, committed 9472K, reserved 212992K
}

