# JRE version: OpenJDK Runtime Environment (16.0.2+7) (build 16.0.2+7-67)
# Java VM: OpenJDK 64-Bit Server VM (16.0.2+7-67, mixed mode, sharing, tiered, compressed oops, compressed class ptrs, g1 gc, windows-amd64)
GC Precious Log:
 CPUs: 8 total, 8 available
 Memory: 16343M
 Large Page Support: Disabled
 NUMA Support: Disabled
 Compressed Oops: Enabled (32-bit)
 Heap Region Size: 1M
 Heap Min Capacity: 256M
 Heap Initial Capacity: 256M
 Heap Max Capacity: 512M
 Pre-touch: Disabled
 Parallel Workers: 8
 Concurrent Workers: 2
 Concurrent Refinement Workers: 8
 Periodic GC: Disabled
Heap:
 garbage-first heap   total 262144K, used 196275K [0x00000000e0000000, 0x0000000100000000)
  region size 1024K, 124 young (126976K), 18 survivors (18432K)
 Metaspace       used 67774K, committed 68480K, reserved 278528K
  class space    used 8573K, committed 8960K, reserved 212992K
GC Heap History (20 events):
Event: 2397.654 GC heap before
{Heap before GC invocations=8 (full 0):
 garbage-first heap   total 262144K, used 193833K [0x00000000e0000000, 0x0000000100000000)
  region size 1024K, 153 young (156672K), 8 survivors (8192K)
 Metaspace       used 50415K, committed 50944K, reserved 262144K
  class space    used 6703K, committed 6976K, reserved 212992K
}
Event: 2397.661 GC heap after
{Heap after GC invocations=9 (full 0):
 garbage-first heap   total 262144K, used 44128K [0x00000000e0000000, 0x0000000100000000)
  region size 1024K, 6 young (6144K), 6 survivors (6144K)
 Metaspace       used 50415K, committed 50944K, reserved 262144K
  class space    used 6703K, committed 6976K, reserved 212992K
}
Event: 2398.985 GC heap before
{Heap before GC invocations=9 (full 0):
 garbage-first heap   total 262144K, used 194656K [0x00000000e0000000, 0x0000000100000000)
  region size 1024K, 153 young (156672K), 6 survivors (6144K)
 Metaspace       used 53023K, committed 53568K, reserved 262144K
  class space    used 6995K, committed 7232K, reserved 212992K
}
Event: 2398.999 GC heap after
{Heap after GC invocations=10 (full 0):
 garbage-first heap   total 262144K, used 58385K [0x00000000e0000000, 0x0000000100000000)
  region size 1024K, 19 young (19456K), 19 survivors (19456K)
 Metaspace       used 53023K, committed 53568K, reserved 262144K
  class space    used 6995K, committed 7232K, reserved 212992K
}
Event: 2399.852 GC heap before
{Heap before GC invocations=10 (full 0):
 garbage-first heap   total 262144K, used 175121K [0x00000000e0000000, 0x0000000100000000)
  region size 1024K, 134 young (137216K), 19 survivors (19456K)
 Metaspace       used 58861K, committed 59328K, reserved 270336K
  class space    used 7696K, committed 7936K, reserved 212992K
}
Event: 2399.869 GC heap after
{Heap after GC invocations=11 (full 0):
 garbage-first heap   total 262144K, used 70713K [0x00000000e0000000, 0x0000000100000000)
  region size 1024K, 13 young (13312K), 13 survivors (13312K)
 Metaspace       used 58861K, committed 59328K, reserved 270336K
  class space    used 7696K, committed 7936K, reserved 212992K
}
Event: 3274.781 GC heap before
{Heap before GC invocations=12 (full 0):
 garbage-first heap   total 262144K, used 200761K [0x00000000e0000000, 0x0000000100000000)
  region size 1024K, 141 young (144384K), 13 survivors (13312K)
 Metaspace       used 63032K, committed 63616K, reserved 270336K
  class space    used 8146K, committed 8448K, reserved 212992K
}
Event: 3274.806 GC heap after
{Heap after GC invocations=13 (full 0):
 garbage-first heap   total 262144K, used 69952K [0x00000000e0000000, 0x0000000100000000)
  region size 1024K, 5 young (5120K), 5 survivors (5120K)
 Metaspace       used 63032K, committed 63616K, reserved 270336K
  class space    used 8146K, committed 8448K, reserved 212992K
}
Event: 7412.865 GC heap before
{Heap before GC invocations=14 (full 0):
 garbage-first heap   total 262144K, used 205120K [0x00000000e0000000, 0x0000000100000000)
  region size 1024K, 137 young (140288K), 5 survivors (5120K)
 Metaspace       used 63215K, committed 63808K, reserved 270336K
  class space    used 8163K, committed 8448K, reserved 212992K
}
Event: 7412.870 GC heap after
{Heap after GC invocations=15 (full 0):
 garbage-first heap   total 262144K, used 71533K [0x00000000e0000000, 0x0000000100000000)
  region size 1024K, 7 young (7168K), 7 survivors (7168K)
 Metaspace       used 63215K, committed 63808K, reserved 270336K
  class space    used 8163K, committed 8448K, reserved 212992K
}
Event: 7414.289 GC heap before
{Heap before GC invocations=15 (full 0):
 garbage-first heap   total 262144K, used 208749K [0x00000000e0000000, 0x0000000100000000)
  region size 1024K, 141 young (144384K), 7 survivors (7168K)
 Metaspace       used 63530K, committed 64128K, reserved 270336K
  class space    used 8163K, committed 8448K, reserved 212992K
}
Event: 7414.297 GC heap after
{Heap after GC invocations=16 (full 0):
 garbage-first heap   total 262144K, used 76243K [0x00000000e0000000, 0x0000000100000000)
  region size 1024K, 12 young (12288K), 12 survivors (12288K)
 Metaspace       used 63530K, committed 64128K, reserved 270336K
  class space    used 8163K, committed 8448K, reserved 212992K
}
Event: 7921.286 GC heap before
{Heap before GC invocations=16 (full 0):
 garbage-first heap   total 262144K, used 209363K [0x00000000e0000000, 0x0000000100000000)
  region size 1024K, 142 young (145408K), 12 survivors (12288K)
 Metaspace       used 65079K, committed 65728K, reserved 278528K
  class space    used 8335K, committed 8640K, reserved 212992K
}
Event: 7921.297 GC heap after
{Heap after GC invocations=17 (full 0):
 garbage-first heap   total 262144K, used 73592K [0x00000000e0000000, 0x0000000100000000)
  region size 1024K, 5 young (5120K), 5 survivors (5120K)
 Metaspace       used 65079K, committed 65728K, reserved 278528K
  class space    used 8335K, committed 8640K, reserved 212992K
}
Event: 12791.283 GC heap before
{Heap before GC invocations=17 (full 0):
 garbage-first heap   total 262144K, used 211832K [0x00000000e0000000, 0x0000000100000000)
  region size 1024K, 140 young (143360K), 5 survivors (5120K)
 Metaspace       used 65079K, committed 65728K, reserved 278528K
  class space    used 8335K, committed 8640K, reserved 212992K
}
Event: 12791.294 GC heap after
{Heap after GC invocations=18 (full 0):
 garbage-first heap   total 262144K, used 69365K [0x00000000e0000000, 0x0000000100000000)
  region size 1024K, 2 young (2048K), 2 survivors (2048K)
 Metaspace       used 65079K, committed 65728K, reserved 278528K
  class space    used 8335K, committed 8640K, reserved 212992K
}
Event: 13884.790 GC heap before
{Heap before GC invocations=18 (full 0):
 garbage-first heap   total 262144K, used 214773K [0x00000000e0000000, 0x0000000100000000)
  region size 1024K, 145 young (148480K), 2 survivors (2048K)
 Metaspace       used 65331K, committed 66048K, reserved 278528K
  class space    used 8347K, committed 8704K, reserved 212992K
}
Event: 13884.800 GC heap after
{Heap after GC invocations=19 (full 0):
 garbage-first heap   total 262144K, used 77752K [0x00000000e0000000, 0x0000000100000000)
  region size 1024K, 10 young (10240K), 10 survivors (10240K)
 Metaspace       used 65331K, committed 66048K, reserved 278528K
  class space    used 8347K, committed 8704K, reserved 212992K
}
Event: 13885.739 GC heap before
{Heap before GC invocations=19 (full 0):
 garbage-first heap   total 262144K, used 213944K [0x00000000e0000000, 0x0000000100000000)
  region size 1024K, 142 young (145408K), 10 survivors (10240K)
 Metaspace       used 66088K, committed 66816K, reserved 278528K
  class space    used 8427K, committed 8768K, reserved 212992K
}
Event: 13885.751 GC heap after
{Heap after GC invocations=20 (full 0):
 garbage-first heap   total 262144K, used 88755K [0x00000000e0000000, 0x0000000100000000)
  region size 1024K, 18 young (18432K), 18 survivors (18432K)
 Metaspace       used 66088K, committed 66816K, reserved 278528K
  class space    used 8427K, committed 8768K, reserved 212992K
}

