# JRE version: OpenJDK Runtime Environment (16.0.2+7) (build 16.0.2+7-67)
# Java VM: OpenJDK 64-Bit Server VM (16.0.2+7-67, mixed mode, sharing, tiered, compressed oops, compressed class ptrs, g1 gc, windows-amd64)
GC Precious Log:
 CPUs: 8 total, 8 available
 Memory: 16343M
 Large Page Support: Disabled
 NUMA Support: Disabled
 Compressed Oops: Enabled (32-bit)
 Heap Region Size: 1M
 Heap Min Capacity: 256M
 Heap Initial Capacity: 256M
 Heap Max Capacity: 512M
 Pre-touch: Disabled
 Parallel Workers: 8
 Concurrent Workers: 2
 Concurrent Refinement Workers: 8
 Periodic GC: Disabled
Heap:
 garbage-first heap   total 262144K, used 145529K [0x00000000e0000000, 0x0000000100000000)
  region size 1024K, 95 young (97280K), 13 survivors (13312K)
 Metaspace       used 59489K, committed 60096K, reserved 270336K
  class space    used 7814K, committed 8128K, reserved 212992K
GC Heap History (20 events):
Event: 0.399 GC heap before
{Heap before GC invocations=0 (full 0):
 garbage-first heap   total 262144K, used 28672K [0x00000000e0000000, 0x0000000100000000)
  region size 1024K, 23 young (23552K), 0 survivors (0K)
 Metaspace       used 3109K, committed 3264K, reserved 221184K
  class space    used 378K, committed 448K, reserved 212992K
}
Event: 0.402 GC heap after
{Heap after GC invocations=1 (full 0):
 garbage-first heap   total 262144K, used 8946K [0x00000000e0000000, 0x0000000100000000)
  region size 1024K, 3 young (3072K), 3 survivors (3072K)
 Metaspace       used 3109K, committed 3264K, reserved 221184K
  class space    used 378K, committed 448K, reserved 212992K
}
Event: 0.534 GC heap before
{Heap before GC invocations=1 (full 0):
 garbage-first heap   total 262144K, used 38642K [0x00000000e0000000, 0x0000000100000000)
  region size 1024K, 32 young (32768K), 3 survivors (3072K)
 Metaspace       used 4011K, committed 4224K, reserved 221184K
  class space    used 473K, committed 576K, reserved 212992K
}
Event: 0.536 GC heap after
{Heap after GC invocations=2 (full 0):
 garbage-first heap   total 262144K, used 12162K [0x00000000e0000000, 0x0000000100000000)
  region size 1024K, 2 young (2048K), 2 survivors (2048K)
 Metaspace       used 4011K, committed 4224K, reserved 221184K
  class space    used 473K, committed 576K, reserved 212992K
}
Event: 2.151 GC heap before
{Heap before GC invocations=2 (full 0):
 garbage-first heap   total 262144K, used 120706K [0x00000000e0000000, 0x0000000100000000)
  region size 1024K, 110 young (112640K), 2 survivors (2048K)
 Metaspace       used 20946K, committed 21248K, reserved 237568K
  class space    used 3103K, committed 3264K, reserved 212992K
}
Event: 2.158 GC heap after
{Heap after GC invocations=3 (full 0):
 garbage-first heap   total 262144K, used 20577K [0x00000000e0000000, 0x0000000100000000)
  region size 1024K, 12 young (12288K), 12 survivors (12288K)
 Metaspace       used 20946K, committed 21248K, reserved 237568K
  class space    used 3103K, committed 3264K, reserved 212992K
}
Event: 3.328 GC heap before
{Heap before GC invocations=4 (full 0):
 garbage-first heap   total 262144K, used 124001K [0x00000000e0000000, 0x0000000100000000)
  region size 1024K, 111 young (113664K), 12 survivors (12288K)
 Metaspace       used 35185K, committed 35520K, reserved 245760K
  class space    used 4774K, committed 4928K, reserved 212992K
}
Event: 3.338 GC heap after
{Heap after GC invocations=5 (full 0):
 garbage-first heap   total 262144K, used 29198K [0x00000000e0000000, 0x0000000100000000)
  region size 1024K, 18 young (18432K), 18 survivors (18432K)
 Metaspace       used 35185K, committed 35520K, reserved 245760K
  class space    used 4774K, committed 4928K, reserved 212992K
}
Event: 5.140 GC heap before
{Heap before GC invocations=6 (full 0):
 garbage-first heap   total 262144K, used 167438K [0x00000000e0000000, 0x0000000100000000)
  region size 1024K, 153 young (156672K), 18 survivors (18432K)
 Metaspace       used 46232K, committed 46656K, reserved 253952K
  class space    used 6350K, committed 6528K, reserved 212992K
}
Event: 5.158 GC heap after
{Heap after GC invocations=7 (full 0):
 garbage-first heap   total 262144K, used 40311K [0x00000000e0000000, 0x0000000100000000)
  region size 1024K, 20 young (20480K), 20 survivors (20480K)
 Metaspace       used 46232K, committed 46656K, reserved 253952K
  class space    used 6350K, committed 6528K, reserved 212992K
}
Event: 244.348 GC heap before
{Heap before GC invocations=7 (full 0):
 garbage-first heap   total 262144K, used 176503K [0x00000000e0000000, 0x0000000100000000)
  region size 1024K, 153 young (156672K), 20 survivors (20480K)
 Metaspace       used 49030K, committed 49536K, reserved 262144K
  class space    used 6589K, committed 6848K, reserved 212992K
}
Event: 244.364 GC heap after
{Heap after GC invocations=8 (full 0):
 garbage-first heap   total 262144K, used 46942K [0x00000000e0000000, 0x0000000100000000)
  region size 1024K, 8 young (8192K), 8 survivors (8192K)
 Metaspace       used 49030K, committed 49536K, reserved 262144K
  class space    used 6589K, committed 6848K, reserved 212992K
}
Event: 245.539 GC heap before
{Heap before GC invocations=8 (full 0):
 garbage-first heap   total 262144K, used 195422K [0x00000000e0000000, 0x0000000100000000)
  region size 1024K, 153 young (156672K), 8 survivors (8192K)
 Metaspace       used 51867K, committed 52352K, reserved 262144K
  class space    used 6934K, committed 7168K, reserved 212992K
}
Event: 245.553 GC heap after
{Heap after GC invocations=9 (full 0):
 garbage-first heap   total 262144K, used 58815K [0x00000000e0000000, 0x0000000100000000)
  region size 1024K, 19 young (19456K), 19 survivors (19456K)
 Metaspace       used 51867K, committed 52352K, reserved 262144K
  class space    used 6934K, committed 7168K, reserved 212992K
}
Event: 344.435 GC heap before
{Heap before GC invocations=9 (full 0):
 garbage-first heap   total 262144K, used 197055K [0x00000000e0000000, 0x0000000100000000)
  region size 1024K, 153 young (156672K), 19 survivors (19456K)
 Metaspace       used 58882K, committed 59520K, reserved 270336K
  class space    used 7814K, committed 8128K, reserved 212992K
}
Event: 344.448 GC heap after
{Heap after GC invocations=10 (full 0):
 garbage-first heap   total 262144K, used 59407K [0x00000000e0000000, 0x0000000100000000)
  region size 1024K, 8 young (8192K), 8 survivors (8192K)
 Metaspace       used 58882K, committed 59520K, reserved 270336K
  class space    used 7814K, committed 8128K, reserved 212992K
}
Event: 344.496 GC heap before
{Heap before GC invocations=10 (full 0):
 garbage-first heap   total 262144K, used 63503K [0x00000000e0000000, 0x0000000100000000)
  region size 1024K, 13 young (13312K), 8 survivors (8192K)
 Metaspace       used 58907K, committed 59520K, reserved 270336K
  class space    used 7814K, committed 8128K, reserved 212992K
}
Event: 344.501 GC heap after
{Heap after GC invocations=11 (full 0):
 garbage-first heap   total 262144K, used 55141K [0x00000000e0000000, 0x0000000100000000)
  region size 1024K, 5 young (5120K), 5 survivors (5120K)
 Metaspace       used 58907K, committed 59520K, reserved 270336K
  class space    used 7814K, committed 8128K, reserved 212992K
}
Event: 345.529 GC heap before
{Heap before GC invocations=12 (full 0):
 garbage-first heap   total 262144K, used 200457K [0x00000000e0000000, 0x0000000100000000)
  region size 1024K, 147 young (150528K), 5 survivors (5120K)
 Metaspace       used 59268K, committed 59840K, reserved 270336K
  class space    used 7814K, committed 8128K, reserved 212992K
}
Event: 345.535 GC heap after
{Heap after GC invocations=13 (full 0):
 garbage-first heap   total 262144K, used 62585K [0x00000000e0000000, 0x0000000100000000)
  region size 1024K, 13 young (13312K), 13 survivors (13312K)
 Metaspace       used 59268K, committed 59840K, reserved 270336K
  class space    used 7814K, committed 8128K, reserved 212992K
}

