# JRE version: OpenJDK Runtime Environment (16.0.2+7) (build 16.0.2+7-67)
# Java VM: OpenJDK 64-Bit Server VM (16.0.2+7-67, mixed mode, sharing, tiered, compressed oops, compressed class ptrs, g1 gc, windows-amd64)
GC Precious Log:
 CPUs: 8 total, 8 available
 Memory: 16343M
 Large Page Support: Disabled
 NUMA Support: Disabled
 Compressed Oops: Enabled (32-bit)
 Heap Region Size: 1M
 Heap Min Capacity: 256M
 Heap Initial Capacity: 256M
 Heap Max Capacity: 512M
 Pre-touch: Disabled
 Parallel Workers: 8
 Concurrent Workers: 2
 Concurrent Refinement Workers: 8
 Periodic GC: Disabled
Heap:
 garbage-first heap   total 290816K, used 159567K [0x00000000e0000000, 0x0000000100000000)
  region size 1024K, 32 young (32768K), 10 survivors (10240K)
 Metaspace       used 84302K, committed 85056K, reserved 294912K
  class space    used 10681K, committed 11008K, reserved 212992K
GC Heap History (20 events):
Event: 8851.606 GC heap before
{Heap before GC invocations=26 (full 0):
 garbage-first heap   total 290816K, used 236741K [0x00000000e0000000, 0x0000000100000000)
  region size 1024K, 132 young (135168K), 15 survivors (15360K)
 Metaspace       used 77668K, committed 78592K, reserved 286720K
  class space    used 9872K, committed 10432K, reserved 212992K
}
Event: 8851.617 GC heap after
{Heap after GC invocations=27 (full 0):
 garbage-first heap   total 290816K, used 124193K [0x00000000e0000000, 0x0000000100000000)
  region size 1024K, 16 young (16384K), 16 survivors (16384K)
 Metaspace       used 77668K, committed 78592K, reserved 286720K
  class space    used 9872K, committed 10432K, reserved 212992K
}
Event: 8853.875 GC heap before
{Heap before GC invocations=27 (full 0):
 garbage-first heap   total 290816K, used 236833K [0x00000000e0000000, 0x0000000100000000)
  region size 1024K, 127 young (130048K), 16 survivors (16384K)
 Metaspace       used 80072K, committed 80832K, reserved 286720K
  class space    used 10153K, committed 10496K, reserved 212992K
}
Event: 8853.885 GC heap after
{Heap after GC invocations=28 (full 0):
 garbage-first heap   total 290816K, used 124751K [0x00000000e0000000, 0x0000000100000000)
  region size 1024K, 13 young (13312K), 13 survivors (13312K)
 Metaspace       used 80072K, committed 80832K, reserved 286720K
  class space    used 10153K, committed 10496K, reserved 212992K
}
Event: 8854.600 GC heap before
{Heap before GC invocations=28 (full 0):
 garbage-first heap   total 290816K, used 234319K [0x00000000e0000000, 0x0000000100000000)
  region size 1024K, 121 young (123904K), 13 survivors (13312K)
 Metaspace       used 80553K, committed 81344K, reserved 286720K
  class space    used 10217K, committed 10560K, reserved 212992K
}
Event: 8854.610 GC heap after
{Heap after GC invocations=29 (full 0):
 garbage-first heap   total 290816K, used 128248K [0x00000000e0000000, 0x0000000100000000)
  region size 1024K, 6 young (6144K), 6 survivors (6144K)
 Metaspace       used 80553K, committed 81344K, reserved 286720K
  class space    used 10217K, committed 10560K, reserved 212992K
}
Event: 8854.753 GC heap before
{Heap before GC invocations=29 (full 0):
 garbage-first heap   total 290816K, used 237816K [0x00000000e0000000, 0x0000000100000000)
  region size 1024K, 112 young (114688K), 6 survivors (6144K)
 Metaspace       used 80653K, committed 81408K, reserved 286720K
  class space    used 10229K, committed 10560K, reserved 212992K
}
Event: 8854.757 GC heap after
{Heap after GC invocations=30 (full 0):
 garbage-first heap   total 290816K, used 128248K [0x00000000e0000000, 0x0000000100000000)
  region size 1024K, 6 young (6144K), 6 survivors (6144K)
 Metaspace       used 80653K, committed 81408K, reserved 286720K
  class space    used 10229K, committed 10560K, reserved 212992K
}
Event: 8854.973 GC heap before
{Heap before GC invocations=30 (full 0):
 garbage-first heap   total 290816K, used 242936K [0x00000000e0000000, 0x0000000100000000)
  region size 1024K, 116 young (118784K), 6 survivors (6144K)
 Metaspace       used 80824K, committed 81600K, reserved 286720K
  class space    used 10246K, committed 10560K, reserved 212992K
}
Event: 8854.976 GC heap after
{Heap after GC invocations=31 (full 0):
 garbage-first heap   total 290816K, used 129405K [0x00000000e0000000, 0x0000000100000000)
  region size 1024K, 7 young (7168K), 7 survivors (7168K)
 Metaspace       used 80824K, committed 81600K, reserved 286720K
  class space    used 10246K, committed 10560K, reserved 212992K
}
Event: 8855.071 GC heap before
{Heap before GC invocations=31 (full 0):
 garbage-first heap   total 290816K, used 246141K [0x00000000e0000000, 0x0000000100000000)
  region size 1024K, 119 young (121856K), 7 survivors (7168K)
 Metaspace       used 80844K, committed 81600K, reserved 286720K
  class space    used 10248K, committed 10560K, reserved 212992K
}
Event: 8855.078 GC heap after
{Heap after GC invocations=32 (full 0):
 garbage-first heap   total 290816K, used 129402K [0x00000000e0000000, 0x0000000100000000)
  region size 1024K, 7 young (7168K), 7 survivors (7168K)
 Metaspace       used 80844K, committed 81600K, reserved 286720K
  class space    used 10248K, committed 10560K, reserved 212992K
}
Event: 8855.128 GC heap before
{Heap before GC invocations=32 (full 0):
 garbage-first heap   total 290816K, used 247162K [0x00000000e0000000, 0x0000000100000000)
  region size 1024K, 121 young (123904K), 7 survivors (7168K)
 Metaspace       used 80844K, committed 81600K, reserved 286720K
  class space    used 10248K, committed 10560K, reserved 212992K
}
Event: 8855.136 GC heap after
{Heap after GC invocations=33 (full 0):
 garbage-first heap   total 290816K, used 129272K [0x00000000e0000000, 0x0000000100000000)
  region size 1024K, 6 young (6144K), 6 survivors (6144K)
 Metaspace       used 80844K, committed 81600K, reserved 286720K
  class space    used 10248K, committed 10560K, reserved 212992K
}
Event: 8864.264 GC heap before
{Heap before GC invocations=33 (full 0):
 garbage-first heap   total 290816K, used 250104K [0x00000000e0000000, 0x0000000100000000)
  region size 1024K, 123 young (125952K), 6 survivors (6144K)
 Metaspace       used 81496K, committed 82240K, reserved 286720K
  class space    used 10313K, committed 10624K, reserved 212992K
}
Event: 8864.269 GC heap after
{Heap after GC invocations=34 (full 0):
 garbage-first heap   total 290816K, used 128752K [0x00000000e0000000, 0x0000000100000000)
  region size 1024K, 7 young (7168K), 7 survivors (7168K)
 Metaspace       used 81496K, committed 82240K, reserved 286720K
  class space    used 10313K, committed 10624K, reserved 212992K
}
Event: 8864.876 GC heap before
{Heap before GC invocations=34 (full 0):
 garbage-first heap   total 290816K, used 251632K [0x00000000e0000000, 0x0000000100000000)
  region size 1024K, 126 young (129024K), 7 survivors (7168K)
 Metaspace       used 81722K, committed 82496K, reserved 286720K
  class space    used 10336K, committed 10688K, reserved 212992K
}
Event: 8864.882 GC heap after
{Heap after GC invocations=35 (full 0):
 garbage-first heap   total 290816K, used 133642K [0x00000000e0000000, 0x0000000100000000)
  region size 1024K, 11 young (11264K), 11 survivors (11264K)
 Metaspace       used 81722K, committed 82496K, reserved 286720K
  class space    used 10336K, committed 10688K, reserved 212992K
}
Event: 8865.628 GC heap before
{Heap before GC invocations=35 (full 0):
 garbage-first heap   total 290816K, used 247306K [0x00000000e0000000, 0x0000000100000000)
  region size 1024K, 123 young (125952K), 11 survivors (11264K)
 Metaspace       used 83064K, committed 83840K, reserved 286720K
  class space    used 10494K, committed 10816K, reserved 212992K
}
Event: 8865.636 GC heap after
{Heap after GC invocations=36 (full 0):
 garbage-first heap   total 290816K, used 138063K [0x00000000e0000000, 0x0000000100000000)
  region size 1024K, 10 young (10240K), 10 survivors (10240K)
 Metaspace       used 83064K, committed 83840K, reserved 286720K
  class space    used 10494K, committed 10816K, reserved 212992K
}

