# JRE version: OpenJDK Runtime Environment (16.0.2+7) (build 16.0.2+7-67)
# Java VM: OpenJDK 64-Bit Server VM (16.0.2+7-67, mixed mode, sharing, tiered, compressed oops, compressed class ptrs, g1 gc, windows-amd64)
GC Precious Log:
 CPUs: 8 total, 8 available
 Memory: 16343M
 Large Page Support: Disabled
 NUMA Support: Disabled
 Compressed Oops: Enabled (32-bit)
 Heap Region Size: 1M
 Heap Min Capacity: 256M
 Heap Initial Capacity: 256M
 Heap Max Capacity: 512M
 Pre-touch: Disabled
 Parallel Workers: 8
 Concurrent Workers: 2
 Concurrent Refinement Workers: 8
 Periodic GC: Disabled
Heap:
 garbage-first heap   total 262144K, used 174807K [0x00000000e0000000, 0x0000000100000000)
  region size 1024K, 95 young (97280K), 14 survivors (14336K)
 Metaspace       used 69331K, committed 70016K, reserved 278528K
  class space    used 8885K, committed 9216K, reserved 212992K
GC Heap History (20 events):
Event: 166.034 GC heap before
{Heap before GC invocations=9 (full 0):
 garbage-first heap   total 262144K, used 177025K [0x00000000e0000000, 0x0000000100000000)
  region size 1024K, 135 young (138240K), 18 survivors (18432K)
 Metaspace       used 59008K, committed 59520K, reserved 270336K
  class space    used 7807K, committed 8064K, reserved 212992K
}
Event: 166.049 GC heap after
{Heap after GC invocations=10 (full 0):
 garbage-first heap   total 262144K, used 70661K [0x00000000e0000000, 0x0000000100000000)
  region size 1024K, 13 young (13312K), 13 survivors (13312K)
 Metaspace       used 59008K, committed 59520K, reserved 270336K
  class space    used 7807K, committed 8064K, reserved 212992K
}
Event: 4161.172 GC heap before
{Heap before GC invocations=11 (full 0):
 garbage-first heap   total 262144K, used 198661K [0x00000000e0000000, 0x0000000100000000)
  region size 1024K, 138 young (141312K), 13 survivors (13312K)
 Metaspace       used 61152K, committed 61760K, reserved 270336K
  class space    used 8045K, committed 8320K, reserved 212992K
}
Event: 4161.180 GC heap after
{Heap after GC invocations=12 (full 0):
 garbage-first heap   total 262144K, used 68219K [0x00000000e0000000, 0x0000000100000000)
  region size 1024K, 3 young (3072K), 3 survivors (3072K)
 Metaspace       used 61152K, committed 61760K, reserved 270336K
  class space    used 8045K, committed 8320K, reserved 212992K
}
Event: 4329.340 GC heap before
{Heap before GC invocations=12 (full 0):
 garbage-first heap   total 262144K, used 204411K [0x00000000e0000000, 0x0000000100000000)
  region size 1024K, 136 young (139264K), 3 survivors (3072K)
 Metaspace       used 61826K, committed 62464K, reserved 270336K
  class space    used 8066K, committed 8384K, reserved 212992K
}
Event: 4329.346 GC heap after
{Heap after GC invocations=13 (full 0):
 garbage-first heap   total 262144K, used 74867K [0x00000000e0000000, 0x0000000100000000)
  region size 1024K, 8 young (8192K), 8 survivors (8192K)
 Metaspace       used 61826K, committed 62464K, reserved 270336K
  class space    used 8066K, committed 8384K, reserved 212992K
}
Event: 4329.936 GC heap before
{Heap before GC invocations=13 (full 0):
 garbage-first heap   total 262144K, used 205939K [0x00000000e0000000, 0x0000000100000000)
  region size 1024K, 136 young (139264K), 8 survivors (8192K)
 Metaspace       used 63205K, committed 63872K, reserved 270336K
  class space    used 8212K, committed 8512K, reserved 212992K
}
Event: 4329.948 GC heap after
{Heap after GC invocations=14 (full 0):
 garbage-first heap   total 262144K, used 86113K [0x00000000e0000000, 0x0000000100000000)
  region size 1024K, 17 young (17408K), 17 survivors (17408K)
 Metaspace       used 63205K, committed 63872K, reserved 270336K
  class space    used 8212K, committed 8512K, reserved 212992K
}
Event: 4331.293 GC heap before
{Heap before GC invocations=14 (full 0):
 garbage-first heap   total 262144K, used 203873K [0x00000000e0000000, 0x0000000100000000)
  region size 1024K, 132 young (135168K), 17 survivors (17408K)
 Metaspace       used 64976K, committed 65664K, reserved 270336K
  class space    used 8353K, committed 8704K, reserved 212992K
}
Event: 4331.300 GC heap after
{Heap after GC invocations=15 (full 0):
 garbage-first heap   total 262144K, used 82932K [0x00000000e0000000, 0x0000000100000000)
  region size 1024K, 3 young (3072K), 3 survivors (3072K)
 Metaspace       used 64976K, committed 65664K, reserved 270336K
  class space    used 8353K, committed 8704K, reserved 212992K
}
Event: 4331.512 GC heap before
{Heap before GC invocations=15 (full 0):
 garbage-first heap   total 262144K, used 211956K [0x00000000e0000000, 0x0000000100000000)
  region size 1024K, 127 young (130048K), 3 survivors (3072K)
 Metaspace       used 65140K, committed 65792K, reserved 278528K
  class space    used 8368K, committed 8704K, reserved 212992K
}
Event: 4331.514 GC heap after
{Heap after GC invocations=16 (full 0):
 garbage-first heap   total 262144K, used 82028K [0x00000000e0000000, 0x0000000100000000)
  region size 1024K, 3 young (3072K), 3 survivors (3072K)
 Metaspace       used 65140K, committed 65792K, reserved 278528K
  class space    used 8368K, committed 8704K, reserved 212992K
}
Event: 4331.616 GC heap before
{Heap before GC invocations=16 (full 0):
 garbage-first heap   total 262144K, used 216172K [0x00000000e0000000, 0x0000000100000000)
  region size 1024K, 132 young (135168K), 3 survivors (3072K)
 Metaspace       used 65184K, committed 65856K, reserved 278528K
  class space    used 8372K, committed 8704K, reserved 212992K
}
Event: 4331.618 GC heap after
{Heap after GC invocations=17 (full 0):
 garbage-first heap   total 262144K, used 81617K [0x00000000e0000000, 0x0000000100000000)
  region size 1024K, 2 young (2048K), 2 survivors (2048K)
 Metaspace       used 65184K, committed 65856K, reserved 278528K
  class space    used 8372K, committed 8704K, reserved 212992K
}
Event: 4331.709 GC heap before
{Heap before GC invocations=17 (full 0):
 garbage-first heap   total 262144K, used 220881K [0x00000000e0000000, 0x0000000100000000)
  region size 1024K, 136 young (139264K), 2 survivors (2048K)
 Metaspace       used 65205K, committed 65856K, reserved 278528K
  class space    used 8374K, committed 8704K, reserved 212992K
}
Event: 4331.710 GC heap after
{Heap after GC invocations=18 (full 0):
 garbage-first heap   total 262144K, used 81565K [0x00000000e0000000, 0x0000000100000000)
  region size 1024K, 2 young (2048K), 2 survivors (2048K)
 Metaspace       used 65205K, committed 65856K, reserved 278528K
  class space    used 8374K, committed 8704K, reserved 212992K
}
Event: 4335.751 GC heap before
{Heap before GC invocations=18 (full 0):
 garbage-first heap   total 262144K, used 222877K [0x00000000e0000000, 0x0000000100000000)
  region size 1024K, 139 young (142336K), 2 survivors (2048K)
 Metaspace       used 66059K, committed 66752K, reserved 278528K
  class space    used 8458K, committed 8768K, reserved 212992K
}
Event: 4335.754 GC heap after
{Heap after GC invocations=19 (full 0):
 garbage-first heap   total 262144K, used 81173K [0x00000000e0000000, 0x0000000100000000)
  region size 1024K, 3 young (3072K), 3 survivors (3072K)
 Metaspace       used 66059K, committed 66752K, reserved 278528K
  class space    used 8458K, committed 8768K, reserved 212992K
}
Event: 4336.328 GC heap before
{Heap before GC invocations=19 (full 0):
 garbage-first heap   total 262144K, used 224533K [0x00000000e0000000, 0x0000000100000000)
  region size 1024K, 142 young (145408K), 3 survivors (3072K)
 Metaspace       used 66657K, committed 67392K, reserved 278528K
  class space    used 8506K, committed 8832K, reserved 212992K
}
Event: 4336.336 GC heap after
{Heap after GC invocations=20 (full 0):
 garbage-first heap   total 262144K, used 93911K [0x00000000e0000000, 0x0000000100000000)
  region size 1024K, 14 young (14336K), 14 survivors (14336K)
 Metaspace       used 66657K, committed 67392K, reserved 278528K
  class space    used 8506K, committed 8832K, reserved 212992K
}

