# JRE version: OpenJDK Runtime Environment (16.0.2+7) (build 16.0.2+7-67)
# Java VM: OpenJDK 64-Bit Server VM (16.0.2+7-67, mixed mode, sharing, tiered, compressed oops, compressed class ptrs, g1 gc, windows-amd64)
GC Precious Log:
 CPUs: 8 total, 8 available
 Memory: 16343M
 Large Page Support: Disabled
 NUMA Support: Disabled
 Compressed Oops: Enabled (32-bit)
 Heap Region Size: 1M
 Heap Min Capacity: 256M
 Heap Initial Capacity: 256M
 Heap Max Capacity: 512M
 Pre-touch: Disabled
 Parallel Workers: 8
 Concurrent Workers: 2
 Concurrent Refinement Workers: 8
 Periodic GC: Disabled
Heap:
 garbage-first heap   total 262144K, used 157568K [0x00000000e0000000, 0x0000000100000000)
  region size 1024K, 103 young (105472K), 9 survivors (9216K)
 Metaspace       used 60350K, committed 60992K, reserved 270336K
  class space    used 7920K, committed 8256K, reserved 212992K
GC Heap History (20 events):
Event: 0.492 GC heap before
{Heap before GC invocations=0 (full 0):
 garbage-first heap   total 262144K, used 28672K [0x00000000e0000000, 0x0000000100000000)
  region size 1024K, 23 young (23552K), 0 survivors (0K)
 Metaspace       used 3104K, committed 3264K, reserved 221184K
  class space    used 378K, committed 448K, reserved 212992K
}
Event: 0.495 GC heap after
{Heap after GC invocations=1 (full 0):
 garbage-first heap   total 262144K, used 9184K [0x00000000e0000000, 0x0000000100000000)
  region size 1024K, 3 young (3072K), 3 survivors (3072K)
 Metaspace       used 3104K, committed 3264K, reserved 221184K
  class space    used 378K, committed 448K, reserved 212992K
}
Event: 0.626 GC heap before
{Heap before GC invocations=1 (full 0):
 garbage-first heap   total 262144K, used 38880K [0x00000000e0000000, 0x0000000100000000)
  region size 1024K, 32 young (32768K), 3 survivors (3072K)
 Metaspace       used 3992K, committed 4224K, reserved 221184K
  class space    used 473K, committed 576K, reserved 212992K
}
Event: 0.628 GC heap after
{Heap after GC invocations=2 (full 0):
 garbage-first heap   total 262144K, used 12488K [0x00000000e0000000, 0x0000000100000000)
  region size 1024K, 3 young (3072K), 3 survivors (3072K)
 Metaspace       used 3992K, committed 4224K, reserved 221184K
  class space    used 473K, committed 576K, reserved 212992K
}
Event: 4.316 GC heap before
{Heap before GC invocations=2 (full 0):
 garbage-first heap   total 262144K, used 121032K [0x00000000e0000000, 0x0000000100000000)
  region size 1024K, 111 young (113664K), 3 survivors (3072K)
 Metaspace       used 20960K, committed 21248K, reserved 237568K
  class space    used 3105K, committed 3264K, reserved 212992K
}
Event: 4.324 GC heap after
{Heap after GC invocations=3 (full 0):
 garbage-first heap   total 262144K, used 20700K [0x00000000e0000000, 0x0000000100000000)
  region size 1024K, 12 young (12288K), 12 survivors (12288K)
 Metaspace       used 20960K, committed 21248K, reserved 237568K
  class space    used 3105K, committed 3264K, reserved 212992K
}
Event: 6.450 GC heap before
{Heap before GC invocations=4 (full 0):
 garbage-first heap   total 262144K, used 123100K [0x00000000e0000000, 0x0000000100000000)
  region size 1024K, 110 young (112640K), 12 survivors (12288K)
 Metaspace       used 35183K, committed 35520K, reserved 245760K
  class space    used 4775K, committed 4928K, reserved 212992K
}
Event: 6.460 GC heap after
{Heap after GC invocations=5 (full 0):
 garbage-first heap   total 262144K, used 29451K [0x00000000e0000000, 0x0000000100000000)
  region size 1024K, 18 young (18432K), 18 survivors (18432K)
 Metaspace       used 35183K, committed 35520K, reserved 245760K
  class space    used 4775K, committed 4928K, reserved 212992K
}
Event: 12.263 GC heap before
{Heap before GC invocations=6 (full 0):
 garbage-first heap   total 262144K, used 166667K [0x00000000e0000000, 0x0000000100000000)
  region size 1024K, 153 young (156672K), 18 survivors (18432K)
 Metaspace       used 46356K, committed 46848K, reserved 253952K
  class space    used 6373K, committed 6592K, reserved 212992K
}
Event: 12.278 GC heap after
{Heap after GC invocations=7 (full 0):
 garbage-first heap   total 262144K, used 40154K [0x00000000e0000000, 0x0000000100000000)
  region size 1024K, 20 young (20480K), 20 survivors (20480K)
 Metaspace       used 46356K, committed 46848K, reserved 253952K
  class space    used 6373K, committed 6592K, reserved 212992K
}
Event: 16.981 GC heap before
{Heap before GC invocations=7 (full 0):
 garbage-first heap   total 262144K, used 178394K [0x00000000e0000000, 0x0000000100000000)
  region size 1024K, 153 young (156672K), 20 survivors (20480K)
 Metaspace       used 54227K, committed 54720K, reserved 262144K
  class space    used 7333K, committed 7552K, reserved 212992K
}
Event: 16.995 GC heap after
{Heap after GC invocations=8 (full 0):
 garbage-first heap   total 262144K, used 51287K [0x00000000e0000000, 0x0000000100000000)
  region size 1024K, 10 young (10240K), 10 survivors (10240K)
 Metaspace       used 54227K, committed 54720K, reserved 262144K
  class space    used 7333K, committed 7552K, reserved 212992K
}
Event: 18.930 GC heap before
{Heap before GC invocations=8 (full 0):
 garbage-first heap   total 262144K, used 196695K [0x00000000e0000000, 0x0000000100000000)
  region size 1024K, 153 young (156672K), 10 survivors (10240K)
 Metaspace       used 57040K, committed 57600K, reserved 270336K
  class space    used 7689K, committed 7936K, reserved 212992K
}
Event: 18.941 GC heap after
{Heap after GC invocations=9 (full 0):
 garbage-first heap   total 262144K, used 56066K [0x00000000e0000000, 0x0000000100000000)
  region size 1024K, 16 young (16384K), 16 survivors (16384K)
 Metaspace       used 57040K, committed 57600K, reserved 270336K
  class space    used 7689K, committed 7936K, reserved 212992K
}
Event: 168.696 GC heap before
{Heap before GC invocations=9 (full 0):
 garbage-first heap   total 262144K, used 184066K [0x00000000e0000000, 0x0000000100000000)
  region size 1024K, 143 young (146432K), 16 survivors (16384K)
 Metaspace       used 58965K, committed 59520K, reserved 270336K
  class space    used 7829K, committed 8128K, reserved 212992K
}
Event: 168.710 GC heap after
{Heap after GC invocations=10 (full 0):
 garbage-first heap   total 262144K, used 59048K [0x00000000e0000000, 0x0000000100000000)
  region size 1024K, 8 young (8192K), 8 survivors (8192K)
 Metaspace       used 58965K, committed 59520K, reserved 270336K
  class space    used 7829K, committed 8128K, reserved 212992K
}
Event: 208.855 GC heap before
{Heap before GC invocations=11 (full 0):
 garbage-first heap   total 262144K, used 203432K [0x00000000e0000000, 0x0000000100000000)
  region size 1024K, 147 young (150528K), 8 survivors (8192K)
 Metaspace       used 59326K, committed 59904K, reserved 270336K
  class space    used 7858K, committed 8128K, reserved 212992K
}
Event: 208.862 GC heap after
{Heap after GC invocations=12 (full 0):
 garbage-first heap   total 262144K, used 56884K [0x00000000e0000000, 0x0000000100000000)
  region size 1024K, 5 young (5120K), 5 survivors (5120K)
 Metaspace       used 59326K, committed 59904K, reserved 270336K
  class space    used 7858K, committed 8128K, reserved 212992K
}
Event: 222.706 GC heap before
{Heap before GC invocations=12 (full 0):
 garbage-first heap   total 262144K, used 205364K [0x00000000e0000000, 0x0000000100000000)
  region size 1024K, 150 young (153600K), 5 survivors (5120K)
 Metaspace       used 59902K, committed 60544K, reserved 270336K
  class space    used 7871K, committed 8192K, reserved 212992K
}
Event: 222.711 GC heap after
{Heap after GC invocations=13 (full 0):
 garbage-first heap   total 262144K, used 61312K [0x00000000e0000000, 0x0000000100000000)
  region size 1024K, 9 young (9216K), 9 survivors (9216K)
 Metaspace       used 59902K, committed 60544K, reserved 270336K
  class space    used 7871K, committed 8192K, reserved 212992K
}

