# JRE version: OpenJDK Runtime Environment (16.0.1+9) (build 16.0.1+9-24)
# Java VM: OpenJDK 64-Bit Server VM (16.0.1+9-24, mixed mode, sharing, tiered, compressed oops, compressed class ptrs, g1 gc, windows-amd64)
GC Precious Log:
 CPUs: 12 total, 12 available
 Memory: 32706M
 Large Page Support: Disabled
 NUMA Support: Disabled
 Compressed Oops: Enabled (32-bit)
 Heap Region Size: 1M
 Heap Min Capacity: 256M
 Heap Initial Capacity: 256M
 Heap Max Capacity: 512M
 Pre-touch: Disabled
 Parallel Workers: 10
 Concurrent Workers: 3
 Concurrent Refinement Workers: 10
 Periodic GC: Disabled
Heap:
 garbage-first heap   total 262144K, used 178355K [0x00000000e0000000, 0x0000000100000000)
  region size 1024K, 61 young (62464K), 10 survivors (10240K)
 Metaspace       used 85078K, committed 85824K, reserved 294912K
  class space    used 10870K, committed 11264K, reserved 212992K
GC Heap History (20 events):
Event: 1257.483 GC heap before
{Heap before GC invocations=16 (full 0):
 garbage-first heap   total 262144K, used 217227K [0x00000000e0000000, 0x0000000100000000)
  region size 1024K, 113 young (115712K), 8 survivors (8192K)
 Metaspace       used 74647K, committed 75392K, reserved 278528K
  class space    used 9626K, committed 9920K, reserved 212992K
}
Event: 1257.487 GC heap after
{Heap after GC invocations=17 (full 0):
 garbage-first heap   total 262144K, used 108136K [0x00000000e0000000, 0x0000000100000000)
  region size 1024K, 7 young (7168K), 7 survivors (7168K)
 Metaspace       used 74647K, committed 75392K, reserved 278528K
  class space    used 9626K, committed 9920K, reserved 212992K
}
Event: 1258.470 GC heap before
{Heap before GC invocations=17 (full 0):
 garbage-first heap   total 262144K, used 219752K [0x00000000e0000000, 0x0000000100000000)
  region size 1024K, 116 young (118784K), 7 survivors (7168K)
 Metaspace       used 76646K, committed 77440K, reserved 286720K
  class space    used 9928K, committed 10304K, reserved 212992K
}
Event: 1258.474 GC heap after
{Heap after GC invocations=18 (full 0):
 garbage-first heap   total 262144K, used 109659K [0x00000000e0000000, 0x0000000100000000)
  region size 1024K, 8 young (8192K), 8 survivors (8192K)
 Metaspace       used 76646K, committed 77440K, reserved 286720K
  class space    used 9928K, committed 10304K, reserved 212992K
}
Event: 1260.034 GC heap before
{Heap before GC invocations=18 (full 0):
 garbage-first heap   total 262144K, used 223323K [0x00000000e0000000, 0x0000000100000000)
  region size 1024K, 118 young (120832K), 8 survivors (8192K)
 Metaspace       used 83806K, committed 84608K, reserved 294912K
  class space    used 10791K, committed 11136K, reserved 212992K
}
Event: 1260.041 GC heap after
{Heap after GC invocations=19 (full 0):
 garbage-first heap   total 262144K, used 117766K [0x00000000e0000000, 0x0000000100000000)
  region size 1024K, 15 young (15360K), 15 survivors (15360K)
 Metaspace       used 83806K, committed 84608K, reserved 294912K
  class space    used 10791K, committed 11136K, reserved 212992K
}
Event: 1260.990 GC heap before
{Heap before GC invocations=19 (full 0):
 garbage-first heap   total 262144K, used 216070K [0x00000000e0000000, 0x0000000100000000)
  region size 1024K, 112 young (114688K), 15 survivors (15360K)
 Metaspace       used 84571K, committed 85440K, reserved 294912K
  class space    used 10871K, committed 11264K, reserved 212992K
}
Event: 1261.001 GC heap after
{Heap after GC invocations=20 (full 0):
 garbage-first heap   total 262144K, used 129457K [0x00000000e0000000, 0x0000000100000000)
  region size 1024K, 13 young (13312K), 13 survivors (13312K)
 Metaspace       used 84571K, committed 85440K, reserved 294912K
  class space    used 10871K, committed 11264K, reserved 212992K
}
Event: 1261.387 GC heap before
{Heap before GC invocations=20 (full 0):
 garbage-first heap   total 262144K, used 213425K [0x00000000e0000000, 0x0000000100000000)
  region size 1024K, 96 young (98304K), 13 survivors (13312K)
 Metaspace       used 84574K, committed 85440K, reserved 294912K
  class space    used 10871K, committed 11264K, reserved 212992K
}
Event: 1261.393 GC heap after
{Heap after GC invocations=21 (full 0):
 garbage-first heap   total 262144K, used 131345K [0x00000000e0000000, 0x0000000100000000)
  region size 1024K, 3 young (3072K), 3 survivors (3072K)
 Metaspace       used 84574K, committed 85440K, reserved 294912K
  class space    used 10871K, committed 11264K, reserved 212992K
}
Event: 1261.781 GC heap before
{Heap before GC invocations=21 (full 0):
 garbage-first heap   total 262144K, used 216337K [0x00000000e0000000, 0x0000000100000000)
  region size 1024K, 87 young (89088K), 3 survivors (3072K)
 Metaspace       used 84577K, committed 85440K, reserved 294912K
  class space    used 10871K, committed 11264K, reserved 212992K
}
Event: 1261.785 GC heap after
{Heap after GC invocations=22 (full 0):
 garbage-first heap   total 262144K, used 132997K [0x00000000e0000000, 0x0000000100000000)
  region size 1024K, 5 young (5120K), 5 survivors (5120K)
 Metaspace       used 84577K, committed 85440K, reserved 294912K
  class space    used 10871K, committed 11264K, reserved 212992K
}
Event: 1262.436 GC heap before
{Heap before GC invocations=23 (full 0):
 garbage-first heap   total 262144K, used 217989K [0x00000000e0000000, 0x0000000100000000)
  region size 1024K, 89 young (91136K), 5 survivors (5120K)
 Metaspace       used 83993K, committed 85440K, reserved 294912K
  class space    used 10742K, committed 11264K, reserved 212992K
}
Event: 1262.440 GC heap after
{Heap after GC invocations=24 (full 0):
 garbage-first heap   total 262144K, used 134816K [0x00000000e0000000, 0x0000000100000000)
  region size 1024K, 6 young (6144K), 6 survivors (6144K)
 Metaspace       used 83993K, committed 85440K, reserved 294912K
  class space    used 10742K, committed 11264K, reserved 212992K
}
Event: 1262.492 GC heap before
{Heap before GC invocations=24 (full 0):
 garbage-first heap   total 262144K, used 140960K [0x00000000e0000000, 0x0000000100000000)
  region size 1024K, 12 young (12288K), 6 survivors (6144K)
 Metaspace       used 83993K, committed 85440K, reserved 294912K
  class space    used 10742K, committed 11264K, reserved 212992K
}
Event: 1262.501 GC heap after
{Heap after GC invocations=25 (full 0):
 garbage-first heap   total 262144K, used 118778K [0x00000000e0000000, 0x0000000100000000)
  region size 1024K, 1 young (1024K), 1 survivors (1024K)
 Metaspace       used 83993K, committed 85440K, reserved 294912K
  class space    used 10742K, committed 11264K, reserved 212992K
}
Event: 1377.969 GC heap before
{Heap before GC invocations=25 (full 0):
 garbage-first heap   total 262144K, used 220154K [0x00000000e0000000, 0x0000000100000000)
  region size 1024K, 101 young (103424K), 1 survivors (1024K)
 Metaspace       used 84491K, committed 85504K, reserved 294912K
  class space    used 10826K, committed 11264K, reserved 212992K
}
Event: 1377.973 GC heap after
{Heap after GC invocations=26 (full 0):
 garbage-first heap   total 262144K, used 122074K [0x00000000e0000000, 0x0000000100000000)
  region size 1024K, 5 young (5120K), 5 survivors (5120K)
 Metaspace       used 84491K, committed 85504K, reserved 294912K
  class space    used 10826K, committed 11264K, reserved 212992K
}
Event: 3056.257 GC heap before
{Heap before GC invocations=26 (full 0):
 garbage-first heap   total 262144K, used 220378K [0x00000000e0000000, 0x0000000100000000)
  region size 1024K, 101 young (103424K), 5 survivors (5120K)
 Metaspace       used 84866K, committed 85632K, reserved 294912K
  class space    used 10858K, committed 11264K, reserved 212992K
}
Event: 3056.263 GC heap after
{Heap after GC invocations=27 (full 0):
 garbage-first heap   total 262144K, used 127155K [0x00000000e0000000, 0x0000000100000000)
  region size 1024K, 10 young (10240K), 10 survivors (10240K)
 Metaspace       used 84866K, committed 85632K, reserved 294912K
  class space    used 10858K, committed 11264K, reserved 212992K
}

