# JRE version: OpenJDK Runtime Environment (16.0.2+7) (build 16.0.2+7-67)
# Java VM: OpenJDK 64-Bit Server VM (16.0.2+7-67, mixed mode, sharing, tiered, compressed oops, compressed class ptrs, g1 gc, windows-amd64)
GC Precious Log:
 CPUs: 8 total, 8 available
 Memory: 16343M
 Large Page Support: Disabled
 NUMA Support: Disabled
 Compressed Oops: Enabled (32-bit)
 Heap Region Size: 1M
 Heap Min Capacity: 256M
 Heap Initial Capacity: 256M
 Heap Max Capacity: 512M
 Pre-touch: Disabled
 Parallel Workers: 8
 Concurrent Workers: 2
 Concurrent Refinement Workers: 8
 Periodic GC: Disabled
Heap:
 garbage-first heap   total 262144K, used 109872K [0x00000000e0000000, 0x0000000100000000)
  region size 1024K, 47 young (48128K), 20 survivors (20480K)
 Metaspace       used 63548K, committed 64192K, reserved 270336K
  class space    used 8276K, committed 8576K, reserved 212992K
GC Heap History (20 events):
Event: 41.624 GC heap before
{Heap before GC invocations=7 (full 0):
 garbage-first heap   total 262144K, used 176729K [0x00000000e0000000, 0x0000000100000000)
  region size 1024K, 153 young (156672K), 20 survivors (20480K)
 Metaspace       used 49178K, committed 49728K, reserved 262144K
  class space    used 6652K, committed 6912K, reserved 212992K
}
Event: 41.636 GC heap after
{Heap after GC invocations=8 (full 0):
 garbage-first heap   total 262144K, used 46506K [0x00000000e0000000, 0x0000000100000000)
  region size 1024K, 8 young (8192K), 8 survivors (8192K)
 Metaspace       used 49178K, committed 49728K, reserved 262144K
  class space    used 6652K, committed 6912K, reserved 212992K
}
Event: 42.617 GC heap before
{Heap before GC invocations=8 (full 0):
 garbage-first heap   total 262144K, used 197034K [0x00000000e0000000, 0x0000000100000000)
  region size 1024K, 153 young (156672K), 8 survivors (8192K)
 Metaspace       used 56387K, committed 56960K, reserved 270336K
  class space    used 7499K, committed 7808K, reserved 212992K
}
Event: 42.626 GC heap after
{Heap after GC invocations=9 (full 0):
 garbage-first heap   total 262144K, used 56935K [0x00000000e0000000, 0x0000000100000000)
  region size 1024K, 16 young (16384K), 16 survivors (16384K)
 Metaspace       used 56387K, committed 56960K, reserved 270336K
  class space    used 7499K, committed 7808K, reserved 212992K
}
Event: 44.182 GC heap before
{Heap before GC invocations=9 (full 0):
 garbage-first heap   total 262144K, used 185959K [0x00000000e0000000, 0x0000000100000000)
  region size 1024K, 144 young (147456K), 16 survivors (16384K)
 Metaspace       used 58924K, committed 59520K, reserved 270336K
  class space    used 7808K, committed 8128K, reserved 212992K
}
Event: 44.194 GC heap after
{Heap after GC invocations=10 (full 0):
 garbage-first heap   total 262144K, used 62000K [0x00000000e0000000, 0x0000000100000000)
  region size 1024K, 16 young (16384K), 16 survivors (16384K)
 Metaspace       used 58924K, committed 59520K, reserved 270336K
  class space    used 7808K, committed 8128K, reserved 212992K
}
Event: 44.464 GC heap before
{Heap before GC invocations=11 (full 0):
 garbage-first heap   total 262144K, used 200240K [0x00000000e0000000, 0x0000000100000000)
  region size 1024K, 149 young (152576K), 16 survivors (16384K)
 Metaspace       used 59153K, committed 59712K, reserved 270336K
  class space    used 7826K, committed 8128K, reserved 212992K
}
Event: 44.472 GC heap after
{Heap after GC invocations=12 (full 0):
 garbage-first heap   total 262144K, used 61012K [0x00000000e0000000, 0x0000000100000000)
  region size 1024K, 3 young (3072K), 3 survivors (3072K)
 Metaspace       used 59153K, committed 59712K, reserved 270336K
  class space    used 7826K, committed 8128K, reserved 212992K
}
Event: 44.641 GC heap before
{Heap before GC invocations=12 (full 0):
 garbage-first heap   total 262144K, used 207444K [0x00000000e0000000, 0x0000000100000000)
  region size 1024K, 144 young (147456K), 3 survivors (3072K)
 Metaspace       used 59316K, committed 59904K, reserved 270336K
  class space    used 7840K, committed 8128K, reserved 212992K
}
Event: 44.643 GC heap after
{Heap after GC invocations=13 (full 0):
 garbage-first heap   total 262144K, used 59758K [0x00000000e0000000, 0x0000000100000000)
  region size 1024K, 2 young (2048K), 2 survivors (2048K)
 Metaspace       used 59316K, committed 59904K, reserved 270336K
  class space    used 7840K, committed 8128K, reserved 212992K
}
Event: 44.771 GC heap before
{Heap before GC invocations=13 (full 0):
 garbage-first heap   total 262144K, used 213358K [0x00000000e0000000, 0x0000000100000000)
  region size 1024K, 149 young (152576K), 2 survivors (2048K)
 Metaspace       used 59338K, committed 59968K, reserved 270336K
  class space    used 7843K, committed 8128K, reserved 212992K
}
Event: 44.774 GC heap after
{Heap after GC invocations=14 (full 0):
 garbage-first heap   total 262144K, used 59616K [0x00000000e0000000, 0x0000000100000000)
  region size 1024K, 1 young (1024K), 1 survivors (1024K)
 Metaspace       used 59338K, committed 59968K, reserved 270336K
  class space    used 7843K, committed 8128K, reserved 212992K
}
Event: 54.224 GC heap before
{Heap before GC invocations=14 (full 0):
 garbage-first heap   total 262144K, used 216288K [0x00000000e0000000, 0x0000000100000000)
  region size 1024K, 153 young (156672K), 1 survivors (1024K)
 Metaspace       used 60285K, committed 60864K, reserved 270336K
  class space    used 7928K, committed 8192K, reserved 212992K
}
Event: 54.226 GC heap after
{Heap after GC invocations=15 (full 0):
 garbage-first heap   total 262144K, used 59226K [0x00000000e0000000, 0x0000000100000000)
  region size 1024K, 2 young (2048K), 2 survivors (2048K)
 Metaspace       used 60285K, committed 60864K, reserved 270336K
  class space    used 7928K, committed 8192K, reserved 212992K
}
Event: 55.788 GC heap before
{Heap before GC invocations=15 (full 0):
 garbage-first heap   total 262144K, used 215898K [0x00000000e0000000, 0x0000000100000000)
  region size 1024K, 153 young (156672K), 2 survivors (2048K)
 Metaspace       used 60557K, committed 61184K, reserved 270336K
  class space    used 7947K, committed 8256K, reserved 212992K
}
Event: 55.793 GC heap after
{Heap after GC invocations=16 (full 0):
 garbage-first heap   total 262144K, used 66640K [0x00000000e0000000, 0x0000000100000000)
  region size 1024K, 8 young (8192K), 8 survivors (8192K)
 Metaspace       used 60557K, committed 61184K, reserved 270336K
  class space    used 7947K, committed 8256K, reserved 212992K
}
Event: 213.554 GC heap before
{Heap before GC invocations=16 (full 0):
 garbage-first heap   total 262144K, used 214096K [0x00000000e0000000, 0x0000000100000000)
  region size 1024K, 153 young (156672K), 8 survivors (8192K)
 Metaspace       used 63001K, committed 63680K, reserved 270336K
  class space    used 8218K, committed 8512K, reserved 212992K
}
Event: 213.562 GC heap after
{Heap after GC invocations=17 (full 0):
 garbage-first heap   total 262144K, used 68413K [0x00000000e0000000, 0x0000000100000000)
  region size 1024K, 11 young (11264K), 11 survivors (11264K)
 Metaspace       used 63001K, committed 63680K, reserved 270336K
  class space    used 8218K, committed 8512K, reserved 212992K
}
Event: 214.107 GC heap before
{Heap before GC invocations=17 (full 0):
 garbage-first heap   total 262144K, used 215869K [0x00000000e0000000, 0x0000000100000000)
  region size 1024K, 153 young (156672K), 11 survivors (11264K)
 Metaspace       used 63444K, committed 64128K, reserved 270336K
  class space    used 8269K, committed 8576K, reserved 212992K
}
Event: 214.117 GC heap after
{Heap after GC invocations=18 (full 0):
 garbage-first heap   total 262144K, used 83248K [0x00000000e0000000, 0x0000000100000000)
  region size 1024K, 20 young (20480K), 20 survivors (20480K)
 Metaspace       used 63444K, committed 64128K, reserved 270336K
  class space    used 8269K, committed 8576K, reserved 212992K
}

